Setting java path
Starting model check...
TLC2 Version 2.19 of 08 August 2024 (rev: 5a47802)
Running breadth-first search Model-Checking with fp 110 and seed -1230995419751527043 with 32 workers on 32 cores with 163840MB heap and 64MB offheap memory [pid: 1135700] (Linux 4.18.0-553.58.1.el8_10.x86_64 amd64, Red Hat, Inc. 21.0.7 x86_64, MSBDiskFPSet, DiskStateQueue).
Parsing file /scratch/stolla/models/tlc_large_T/gen_server_behaviour_simple.tla

Unrecoverable error:
 -- Illegal lexeme `ยง' found at
    line 60, column 3.

Parsing file /tmp/Naturals.tla
Parsing file /tmp/Sequences.tla
Parsing file /tmp/TLC.tla
Parsing file /tmp/FiniteSets.tla
Parsing file /tmp/Typecheck.tla
Parsing file /tmp/Timeouts.tla
Parsing file /scratch/stolla/models/tlc_large_T/ShiVizExt.tla
Parsing file /scratch/stolla/models/tlc_large_T/GenServerUtil.tla
Parsing file /tmp/Integers.tla
Parsing file /tmp/Json.tla
Parsing file /tmp/Toolbox.tla
Semantic processing of module Naturals
Semantic processing of module Sequences
Semantic processing of module FiniteSets
Semantic processing of module TLC
Semantic processing of module Integers
Semantic processing of module Typecheck
Semantic processing of module Timeouts
Semantic processing of module Json
Semantic processing of module GenServerUtil
Semantic processing of module Toolbox
Semantic processing of module ShiVizExt
Semantic processing of module gen_server_behaviour_simple
Starting... (2025-07-07 09:56:51)
Implied-temporal checking--satisfiability problem has 1 branches.
Computing initial states...
Finished computing initial states: 1 distinct state generated at 2025-07-07 09:56:51.
Progress(18) at 2025-07-07 09:56:54: 190,177 states generated (190,177 s/min), 73,510 distinct states found (73,510 ds/min), 33,995 states left on queue.
Progress(30) at 2025-07-07 09:57:54: 6,641,623 states generated (6,451,446 s/min), 2,170,312 distinct states found (2,096,802 ds/min), 380,268 states left on queue.
Progress(34) at 2025-07-07 09:58:54: 13,101,072 states generated (6,459,449 s/min), 4,303,475 distinct states found (2,133,163 ds/min), 730,893 states left on queue.
Progress(36) at 2025-07-07 09:59:54: 19,117,826 states generated (6,016,754 s/min), 6,301,044 distinct states found (1,997,569 ds/min), 1,091,713 states left on queue.
Progress(37) at 2025-07-07 10:00:55: 24,582,266 states generated (5,464,440 s/min), 8,079,243 distinct states found (1,778,199 ds/min), 1,371,226 states left on queue.
Progress(38) at 2025-07-07 10:01:55: 30,286,232 states generated (5,703,966 s/min), 9,941,370 distinct states found (1,862,127 ds/min), 1,658,568 states left on queue.
Progress(39) at 2025-07-07 10:02:55: 36,719,373 states generated (6,433,141 s/min), 12,059,314 distinct states found (2,117,944 ds/min), 2,007,199 states left on queue.
Progress(40) at 2025-07-07 10:03:55: 43,053,579 states generated (6,334,206 s/min), 14,134,502 distinct states found (2,075,188 ds/min), 2,356,539 states left on queue.
Progress(41) at 2025-07-07 10:04:55: 49,547,405 states generated (6,493,826 s/min), 16,232,411 distinct states found (2,097,909 ds/min), 2,694,435 states left on queue.
Progress(41) at 2025-07-07 10:05:55: 55,987,333 states generated (6,439,928 s/min), 18,293,618 distinct states found (2,061,207 ds/min), 2,992,021 states left on queue.
Progress(42) at 2025-07-07 10:06:55: 61,440,194 states generated (5,452,861 s/min), 20,017,867 distinct states found (1,724,249 ds/min), 3,191,575 states left on queue.
Progress(42) at 2025-07-07 10:07:55: 66,771,389 states generated (5,331,195 s/min), 21,694,376 distinct states found (1,676,509 ds/min), 3,380,218 states left on queue.
Progress(43) at 2025-07-07 10:08:55: 72,399,152 states generated (5,627,763 s/min), 23,512,059 distinct states found (1,817,683 ds/min), 3,617,558 states left on queue.
Progress(43) at 2025-07-07 10:09:55: 78,290,250 states generated (5,891,098 s/min), 25,400,105 distinct states found (1,888,046 ds/min), 3,857,386 states left on queue.
Progress(44) at 2025-07-07 10:10:55: 84,466,976 states generated (6,176,726 s/min), 27,404,922 distinct states found (2,004,817 ds/min), 4,142,097 states left on queue.
Progress(44) at 2025-07-07 10:11:55: 90,705,176 states generated (6,238,200 s/min), 29,428,515 distinct states found (2,023,593 ds/min), 4,429,205 states left on queue.
Progress(45) at 2025-07-07 10:12:55: 97,011,554 states generated (6,306,378 s/min), 31,461,147 distinct states found (2,032,632 ds/min), 4,732,390 states left on queue.
Progress(45) at 2025-07-07 10:13:55: 102,477,991 states generated (5,466,437 s/min), 33,234,669 distinct states found (1,773,522 ds/min), 4,993,407 states left on queue.
Progress(45) at 2025-07-07 10:14:55: 107,838,421 states generated (5,360,430 s/min), 34,942,782 distinct states found (1,708,113 ds/min), 5,253,670 states left on queue.
Progress(46) at 2025-07-07 10:15:55: 113,467,474 states generated (5,629,053 s/min), 36,719,800 distinct states found (1,777,018 ds/min), 5,498,638 states left on queue.
Progress(46) at 2025-07-07 10:16:55: 119,563,686 states generated (6,096,212 s/min), 38,628,543 distinct states found (1,908,743 ds/min), 5,708,783 states left on queue.
Progress(46) at 2025-07-07 10:17:55: 125,734,296 states generated (6,170,610 s/min), 40,543,337 distinct states found (1,914,794 ds/min), 5,945,832 states left on queue.
Progress(47) at 2025-07-07 10:18:55: 131,923,974 states generated (6,189,678 s/min), 42,478,317 distinct states found (1,934,980 ds/min), 6,160,384 states left on queue.
Progress(47) at 2025-07-07 10:19:55: 138,064,940 states generated (6,140,966 s/min), 44,357,940 distinct states found (1,879,623 ds/min), 6,293,662 states left on queue.
Progress(47) at 2025-07-07 10:20:55: 143,605,441 states generated (5,540,501 s/min), 46,068,864 distinct states found (1,710,924 ds/min), 6,438,302 states left on queue.
Progress(47) at 2025-07-07 10:21:55: 149,557,280 states generated (5,951,839 s/min), 47,891,260 distinct states found (1,822,396 ds/min), 6,601,300 states left on queue.
Progress(48) at 2025-07-07 10:22:55: 155,761,201 states generated (6,203,921 s/min), 49,853,163 distinct states found (1,961,903 ds/min), 6,828,893 states left on queue.
Progress(48) at 2025-07-07 10:23:55: 161,799,324 states generated (6,038,123 s/min), 51,748,513 distinct states found (1,895,350 ds/min), 7,001,739 states left on queue.
Progress(48) at 2025-07-07 10:24:55: 168,044,306 states generated (6,244,982 s/min), 53,722,833 distinct states found (1,974,320 ds/min), 7,228,671 states left on queue.
Progress(49) at 2025-07-07 10:25:55: 174,379,815 states generated (6,335,509 s/min), 55,717,488 distinct states found (1,994,655 ds/min), 7,466,877 states left on queue.
Progress(49) at 2025-07-07 10:26:55: 180,728,249 states generated (6,348,434 s/min), 57,755,150 distinct states found (2,037,662 ds/min), 7,753,311 states left on queue.
Progress(49) at 2025-07-07 10:27:55: 186,559,693 states generated (5,831,444 s/min), 59,624,900 distinct states found (1,869,750 ds/min), 7,974,350 states left on queue.
Progress(49) at 2025-07-07 10:28:55: 192,719,383 states generated (6,159,690 s/min), 61,601,091 distinct states found (1,976,191 ds/min), 8,254,195 states left on queue.
Progress(49) at 2025-07-07 10:29:55: 198,880,932 states generated (6,161,549 s/min), 63,576,591 distinct states found (1,975,500 ds/min), 8,533,480 states left on queue.
Progress(50) at 2025-07-07 10:30:55: 205,116,394 states generated (6,235,462 s/min), 65,580,874 distinct states found (2,004,283 ds/min), 8,830,477 states left on queue.
Progress(50) at 2025-07-07 10:31:55: 211,265,631 states generated (6,149,237 s/min), 67,486,520 distinct states found (1,905,646 ds/min), 9,080,249 states left on queue.
Progress(50) at 2025-07-07 10:32:55: 217,376,065 states generated (6,110,434 s/min), 69,409,797 distinct states found (1,923,277 ds/min), 9,331,835 states left on queue.
Progress(50) at 2025-07-07 10:33:55: 223,625,408 states generated (6,249,343 s/min), 71,369,166 distinct states found (1,959,369 ds/min), 9,616,987 states left on queue.
Progress(50) at 2025-07-07 10:34:55: 229,702,064 states generated (6,076,656 s/min), 73,286,182 distinct states found (1,917,016 ds/min), 9,900,575 states left on queue.
Progress(51) at 2025-07-07 10:35:55: 235,770,010 states generated (6,067,946 s/min), 75,181,481 distinct states found (1,895,299 ds/min), 10,134,806 states left on queue.
Progress(51) at 2025-07-07 10:36:55: 241,940,600 states generated (6,170,590 s/min), 77,052,235 distinct states found (1,870,754 ds/min), 10,354,964 states left on queue.
Progress(51) at 2025-07-07 10:37:55: 248,055,189 states generated (6,114,589 s/min), 78,888,905 distinct states found (1,836,670 ds/min), 10,499,543 states left on queue.
Progress(51) at 2025-07-07 10:38:55: 254,114,889 states generated (6,059,700 s/min), 80,755,113 distinct states found (1,866,208 ds/min), 10,689,152 states left on queue.
Progress(51) at 2025-07-07 10:39:55: 260,245,756 states generated (6,130,867 s/min), 82,605,613 distinct states found (1,850,500 ds/min), 10,893,694 states left on queue.
Progress(51) at 2025-07-07 10:40:55: 266,512,537 states generated (6,266,781 s/min), 84,531,269 distinct states found (1,925,656 ds/min), 11,134,598 states left on queue.
Progress(52) at 2025-07-07 10:41:55: 272,707,117 states generated (6,194,580 s/min), 86,416,952 distinct states found (1,885,683 ds/min), 11,292,914 states left on queue.
Progress(52) at 2025-07-07 10:42:56: 278,845,880 states generated (6,138,763 s/min), 88,263,297 distinct states found (1,846,345 ds/min), 11,458,496 states left on queue.
Progress(52) at 2025-07-07 10:43:56: 283,920,433 states generated (5,074,553 s/min), 89,762,730 distinct states found (1,499,433 ds/min), 11,516,469 states left on queue.
Progress(52) at 2025-07-07 10:44:56: 289,055,153 states generated (5,134,720 s/min), 91,284,687 distinct states found (1,521,957 ds/min), 11,582,377 states left on queue.
Progress(52) at 2025-07-07 10:45:56: 294,255,916 states generated (5,200,763 s/min), 92,862,511 distinct states found (1,577,824 ds/min), 11,696,492 states left on queue.
Progress(52) at 2025-07-07 10:46:56: 300,187,218 states generated (5,931,302 s/min), 94,632,199 distinct states found (1,769,688 ds/min), 11,833,967 states left on queue.
Progress(52) at 2025-07-07 10:47:56: 306,123,723 states generated (5,936,505 s/min), 96,457,376 distinct states found (1,825,177 ds/min), 12,018,309 states left on queue.
Progress(53) at 2025-07-07 10:48:56: 312,131,529 states generated (6,007,806 s/min), 98,289,432 distinct states found (1,832,056 ds/min), 12,161,053 states left on queue.
Progress(53) at 2025-07-07 10:49:56: 318,189,489 states generated (6,057,960 s/min), 100,170,426 distinct states found (1,880,994 ds/min), 12,381,703 states left on queue.
Progress(53) at 2025-07-07 10:50:56: 323,873,194 states generated (5,683,705 s/min), 101,909,787 distinct states found (1,739,361 ds/min), 12,518,278 states left on queue.
Progress(53) at 2025-07-07 10:51:56: 329,781,289 states generated (5,908,095 s/min), 103,719,988 distinct states found (1,810,201 ds/min), 12,661,490 states left on queue.
Progress(53) at 2025-07-07 10:52:56: 335,321,969 states generated (5,540,680 s/min), 105,455,409 distinct states found (1,735,421 ds/min), 12,839,607 states left on queue.
Progress(53) at 2025-07-07 10:53:56: 340,864,495 states generated (5,542,526 s/min), 107,170,771 distinct states found (1,715,362 ds/min), 13,033,575 states left on queue.
Progress(53) at 2025-07-07 10:54:56: 346,717,185 states generated (5,852,690 s/min), 108,975,035 distinct states found (1,804,264 ds/min), 13,218,860 states left on queue.
Progress(53) at 2025-07-07 10:55:56: 352,649,338 states generated (5,932,153 s/min), 110,811,703 distinct states found (1,836,668 ds/min), 13,397,385 states left on queue.
Progress(54) at 2025-07-07 10:57:07: 357,704,561 states generated (5,055,223 s/min), 112,456,947 distinct states found (1,645,244 ds/min), 13,629,017 states left on queue.
Progress(54) at 2025-07-07 10:58:07: 363,929,927 states generated (6,225,366 s/min), 114,412,397 distinct states found (1,955,450 ds/min), 13,909,721 states left on queue.
Progress(54) at 2025-07-07 10:59:07: 369,954,001 states generated (6,024,074 s/min), 116,296,411 distinct states found (1,884,014 ds/min), 14,135,552 states left on queue.
Progress(54) at 2025-07-07 11:00:07: 375,916,034 states generated (5,962,033 s/min), 118,160,666 distinct states found (1,864,255 ds/min), 14,359,684 states left on queue.
Progress(54) at 2025-07-07 11:01:07: 382,005,754 states generated (6,089,720 s/min), 120,097,177 distinct states found (1,936,511 ds/min), 14,617,957 states left on queue.
Progress(54) at 2025-07-07 11:02:07: 387,535,895 states generated (5,530,141 s/min), 121,845,966 distinct states found (1,748,789 ds/min), 14,864,275 states left on queue.
Progress(54) at 2025-07-07 11:03:07: 392,668,935 states generated (5,133,040 s/min), 123,446,424 distinct states found (1,600,458 ds/min), 15,066,755 states left on queue.
Progress(54) at 2025-07-07 11:04:07: 397,916,074 states generated (5,247,139 s/min), 125,136,771 distinct states found (1,690,347 ds/min), 15,305,238 states left on queue.
Progress(55) at 2025-07-07 11:05:07: 403,812,654 states generated (5,896,580 s/min), 126,976,272 distinct states found (1,839,501 ds/min), 15,538,715 states left on queue.
Progress(55) at 2025-07-07 11:06:07: 409,684,817 states generated (5,872,163 s/min), 128,847,179 distinct states found (1,870,907 ds/min), 15,804,024 states left on queue.
Progress(55) at 2025-07-07 11:07:07: 415,915,529 states generated (6,230,712 s/min), 130,752,446 distinct states found (1,905,267 ds/min), 16,064,241 states left on queue.
Progress(55) at 2025-07-07 11:08:07: 421,979,775 states generated (6,064,246 s/min), 132,593,348 distinct states found (1,840,902 ds/min), 16,288,404 states left on queue.
Progress(55) at 2025-07-07 11:09:07: 427,943,052 states generated (5,963,277 s/min), 134,403,206 distinct states found (1,809,858 ds/min), 16,497,521 states left on queue.
Progress(55) at 2025-07-07 11:10:08: 434,058,118 states generated (6,115,066 s/min), 136,325,757 distinct states found (1,922,551 ds/min), 16,755,865 states left on queue.
Progress(55) at 2025-07-07 11:11:08: 439,935,276 states generated (5,877,158 s/min), 138,126,406 distinct states found (1,800,649 ds/min), 16,993,584 states left on queue.
Progress(55) at 2025-07-07 11:12:08: 446,001,560 states generated (6,066,284 s/min), 139,978,509 distinct states found (1,852,103 ds/min), 17,227,418 states left on queue.
Progress(55) at 2025-07-07 11:13:08: 452,181,076 states generated (6,179,516 s/min), 141,912,616 distinct states found (1,934,107 ds/min), 17,499,698 states left on queue.
Progress(55) at 2025-07-07 11:14:08: 458,216,835 states generated (6,035,759 s/min), 143,771,738 distinct states found (1,859,122 ds/min), 17,726,706 states left on queue.
Progress(56) at 2025-07-07 11:15:08: 464,209,771 states generated (5,992,936 s/min), 145,606,933 distinct states found (1,835,195 ds/min), 17,917,150 states left on queue.
Progress(56) at 2025-07-07 11:16:08: 470,262,648 states generated (6,052,877 s/min), 147,432,357 distinct states found (1,825,424 ds/min), 18,111,112 states left on queue.
Progress(56) at 2025-07-07 11:17:08: 476,313,762 states generated (6,051,114 s/min), 149,236,847 distinct states found (1,804,490 ds/min), 18,272,340 states left on queue.
Progress(56) at 2025-07-07 11:18:08: 482,301,162 states generated (5,987,400 s/min), 150,983,191 distinct states found (1,746,344 ds/min), 18,395,312 states left on queue.
Progress(56) at 2025-07-07 11:19:08: 488,319,271 states generated (6,018,109 s/min), 152,725,841 distinct states found (1,742,650 ds/min), 18,495,477 states left on queue.
Progress(56) at 2025-07-07 11:20:08: 494,333,974 states generated (6,014,703 s/min), 154,559,291 distinct states found (1,833,450 ds/min), 18,669,112 states left on queue.
Progress(56) at 2025-07-07 11:21:08: 500,287,519 states generated (5,953,545 s/min), 156,306,850 distinct states found (1,747,559 ds/min), 18,793,289 states left on queue.
Progress(56) at 2025-07-07 11:22:08: 506,397,151 states generated (6,109,632 s/min), 158,150,434 distinct states found (1,843,584 ds/min), 18,994,885 states left on queue.
Progress(56) at 2025-07-07 11:23:08: 512,451,175 states generated (6,054,024 s/min), 159,931,072 distinct states found (1,780,638 ds/min), 19,133,987 states left on queue.
Progress(56) at 2025-07-07 11:24:08: 517,051,647 states generated (4,600,472 s/min), 161,347,241 distinct states found (1,416,169 ds/min), 19,289,235 states left on queue.
Progress(56) at 2025-07-07 11:25:08: 521,409,335 states generated (4,357,688 s/min), 162,644,824 distinct states found (1,297,583 ds/min), 19,392,223 states left on queue.
Progress(57) at 2025-07-07 11:26:08: 526,132,817 states generated (4,723,482 s/min), 164,028,257 distinct states found (1,383,433 ds/min), 19,470,424 states left on queue.
Progress(57) at 2025-07-07 11:27:08: 531,745,613 states generated (5,612,796 s/min), 165,733,361 distinct states found (1,705,104 ds/min), 19,566,229 states left on queue.
Progress(57) at 2025-07-07 11:28:08: 537,854,106 states generated (6,108,493 s/min), 167,546,286 distinct states found (1,812,925 ds/min), 19,708,915 states left on queue.
Progress(57) at 2025-07-07 11:29:08: 543,827,087 states generated (5,972,981 s/min), 169,265,965 distinct states found (1,719,679 ds/min), 19,766,384 states left on queue.
Progress(57) at 2025-07-07 11:30:08: 549,664,157 states generated (5,837,070 s/min), 170,970,236 distinct states found (1,704,271 ds/min), 19,808,663 states left on queue.
Progress(57) at 2025-07-07 11:31:08: 555,445,563 states generated (5,781,406 s/min), 172,631,775 distinct states found (1,661,539 ds/min), 19,843,222 states left on queue.
Progress(57) at 2025-07-07 11:32:08: 560,881,071 states generated (5,435,508 s/min), 174,268,843 distinct states found (1,637,068 ds/min), 19,936,491 states left on queue.
Progress(57) at 2025-07-07 11:33:08: 566,574,190 states generated (5,693,119 s/min), 175,934,914 distinct states found (1,666,071 ds/min), 19,994,190 states left on queue.
Progress(57) at 2025-07-07 11:34:08: 572,420,403 states generated (5,846,213 s/min), 177,681,781 distinct states found (1,746,867 ds/min), 20,115,493 states left on queue.
Progress(57) at 2025-07-07 11:35:08: 578,251,092 states generated (5,830,689 s/min), 179,364,070 distinct states found (1,682,289 ds/min), 20,171,999 states left on queue.
Progress(57) at 2025-07-07 11:36:08: 582,931,666 states generated (4,680,574 s/min), 180,757,586 distinct states found (1,393,516 ds/min), 20,268,793 states left on queue.
Progress(57) at 2025-07-07 11:37:08: 587,409,505 states generated (4,477,839 s/min), 182,120,700 distinct states found (1,363,114 ds/min), 20,358,562 states left on queue.
Progress(57) at 2025-07-07 11:38:08: 592,575,435 states generated (5,165,930 s/min), 183,609,691 distinct states found (1,488,991 ds/min), 20,389,322 states left on queue.
Progress(58) at 2025-07-07 11:39:09: 598,508,301 states generated (5,932,866 s/min), 185,441,556 distinct states found (1,831,865 ds/min), 20,537,362 states left on queue.
Progress(58) at 2025-07-07 11:40:09: 604,166,212 states generated (5,657,911 s/min), 187,209,467 distinct states found (1,767,911 ds/min), 20,688,828 states left on queue.
Progress(58) at 2025-07-07 11:41:09: 610,061,832 states generated (5,895,620 s/min), 188,964,332 distinct states found (1,754,865 ds/min), 20,833,001 states left on queue.
Progress(58) at 2025-07-07 11:42:09: 615,781,029 states generated (5,719,197 s/min), 190,680,393 distinct states found (1,716,061 ds/min), 20,935,108 states left on queue.
Progress(58) at 2025-07-07 11:43:09: 621,573,010 states generated (5,791,981 s/min), 192,420,054 distinct states found (1,739,661 ds/min), 21,034,453 states left on queue.
Progress(58) at 2025-07-07 11:44:09: 627,436,896 states generated (5,863,886 s/min), 194,187,967 distinct states found (1,767,913 ds/min), 21,139,159 states left on queue.
Progress(58) at 2025-07-07 11:45:09: 632,307,408 states generated (4,870,512 s/min), 195,706,075 distinct states found (1,518,108 ds/min), 21,270,177 states left on queue.
Progress(58) at 2025-07-07 11:46:09: 635,940,134 states generated (3,632,726 s/min), 196,810,960 distinct states found (1,104,885 ds/min), 21,342,840 states left on queue.
Progress(58) at 2025-07-07 11:47:09: 639,801,204 states generated (3,861,070 s/min), 197,980,478 distinct states found (1,169,518 ds/min), 21,426,702 states left on queue.
Progress(58) at 2025-07-07 11:48:09: 644,350,862 states generated (4,549,658 s/min), 199,358,658 distinct states found (1,378,180 ds/min), 21,544,861 states left on queue.
Progress(58) at 2025-07-07 11:49:09: 650,183,560 states generated (5,832,698 s/min), 201,111,729 distinct states found (1,753,071 ds/min), 21,658,595 states left on queue.
Progress(58) at 2025-07-07 11:50:09: 655,035,582 states generated (4,852,022 s/min), 202,589,898 distinct states found (1,478,169 ds/min), 21,782,382 states left on queue.
Progress(58) at 2025-07-07 11:51:09: 661,003,560 states generated (5,967,978 s/min), 204,451,318 distinct states found (1,861,420 ds/min), 21,947,898 states left on queue.
Progress(59) at 2025-07-07 11:52:09: 666,787,552 states generated (5,783,992 s/min), 206,170,831 distinct states found (1,719,513 ds/min), 22,059,781 states left on queue.
Progress(59) at 2025-07-07 11:53:09: 672,803,081 states generated (6,015,529 s/min), 208,094,929 distinct states found (1,924,098 ds/min), 22,271,401 states left on queue.
Progress(59) at 2025-07-07 11:54:09: 678,913,006 states generated (6,109,925 s/min), 210,015,824 distinct states found (1,920,895 ds/min), 22,498,858 states left on queue.
Progress(59) at 2025-07-07 11:55:09: 684,921,763 states generated (6,008,757 s/min), 211,853,433 distinct states found (1,837,609 ds/min), 22,695,365 states left on queue.
Progress(59) at 2025-07-07 11:56:09: 690,912,380 states generated (5,990,617 s/min), 213,692,807 distinct states found (1,839,374 ds/min), 22,872,396 states left on queue.
Progress(59) at 2025-07-07 11:57:29: 696,827,631 states generated (5,915,251 s/min), 215,499,927 distinct states found (1,807,120 ds/min), 23,044,871 states left on queue.
Progress(59) at 2025-07-07 11:58:29: 702,901,657 states generated (6,074,026 s/min), 217,377,087 distinct states found (1,877,160 ds/min), 23,226,647 states left on queue.
Progress(59) at 2025-07-07 11:59:29: 709,019,060 states generated (6,117,403 s/min), 219,310,089 distinct states found (1,933,002 ds/min), 23,444,225 states left on queue.
Progress(59) at 2025-07-07 12:00:29: 715,136,800 states generated (6,117,740 s/min), 221,188,378 distinct states found (1,878,289 ds/min), 23,629,189 states left on queue.
Progress(59) at 2025-07-07 12:01:29: 721,309,371 states generated (6,172,571 s/min), 223,116,375 distinct states found (1,927,997 ds/min), 23,851,351 states left on queue.
Progress(59) at 2025-07-07 12:02:29: 727,462,249 states generated (6,152,878 s/min), 224,992,891 distinct states found (1,876,516 ds/min), 24,037,869 states left on queue.
Progress(59) at 2025-07-07 12:03:29: 733,653,828 states generated (6,191,579 s/min), 226,919,521 distinct states found (1,926,630 ds/min), 24,252,833 states left on queue.
Progress(59) at 2025-07-07 12:04:29: 739,792,217 states generated (6,138,389 s/min), 228,865,517 distinct states found (1,945,996 ds/min), 24,483,569 states left on queue.
Progress(60) at 2025-07-07 12:05:29: 745,875,904 states generated (6,083,687 s/min), 230,702,931 distinct states found (1,837,414 ds/min), 24,657,884 states left on queue.
Progress(60) at 2025-07-07 12:06:33: 751,754,053 states generated (5,878,149 s/min), 232,534,537 distinct states found (1,831,606 ds/min), 24,870,490 states left on queue.
Progress(60) at 2025-07-07 12:07:33: 757,946,284 states generated (6,192,231 s/min), 234,441,164 distinct states found (1,906,627 ds/min), 25,085,453 states left on queue.
Progress(60) at 2025-07-07 12:08:33: 764,178,850 states generated (6,232,566 s/min), 236,313,526 distinct states found (1,872,362 ds/min), 25,302,971 states left on queue.
Progress(60) at 2025-07-07 12:09:33: 770,350,519 states generated (6,171,669 s/min), 238,166,910 distinct states found (1,853,384 ds/min), 25,480,995 states left on queue.
Progress(60) at 2025-07-07 12:10:33: 776,500,692 states generated (6,150,173 s/min), 239,996,424 distinct states found (1,829,514 ds/min), 25,639,763 states left on queue.
Progress(60) at 2025-07-07 12:11:33: 782,600,460 states generated (6,099,768 s/min), 241,802,912 distinct states found (1,806,488 ds/min), 25,790,203 states left on queue.
Progress(60) at 2025-07-07 12:12:33: 788,773,042 states generated (6,172,582 s/min), 243,654,149 distinct states found (1,851,237 ds/min), 25,957,397 states left on queue.
Progress(60) at 2025-07-07 12:13:33: 794,943,990 states generated (6,170,948 s/min), 245,567,590 distinct states found (1,913,441 ds/min), 26,183,508 states left on queue.
Progress(60) at 2025-07-07 12:14:33: 801,060,243 states generated (6,116,253 s/min), 247,386,439 distinct states found (1,818,849 ds/min), 26,347,660 states left on queue.
Progress(60) at 2025-07-07 12:15:33: 807,138,422 states generated (6,078,179 s/min), 249,241,435 distinct states found (1,854,996 ds/min), 26,557,520 states left on queue.
Progress(60) at 2025-07-07 12:16:33: 813,356,365 states generated (6,217,943 s/min), 251,112,120 distinct states found (1,870,685 ds/min), 26,745,816 states left on queue.
Progress(60) at 2025-07-07 12:17:33: 819,561,065 states generated (6,204,700 s/min), 252,973,791 distinct states found (1,861,671 ds/min), 26,946,602 states left on queue.
Progress(60) at 2025-07-07 12:18:33: 825,766,001 states generated (6,204,936 s/min), 254,886,224 distinct states found (1,912,433 ds/min), 27,178,220 states left on queue.
Progress(60) at 2025-07-07 12:19:33: 831,871,939 states generated (6,105,938 s/min), 256,749,852 distinct states found (1,863,628 ds/min), 27,374,542 states left on queue.
Progress(61) at 2025-07-07 12:20:33: 838,072,689 states generated (6,200,750 s/min), 258,561,030 distinct states found (1,811,178 ds/min), 27,520,522 states left on queue.
Progress(61) at 2025-07-07 12:21:33: 844,153,534 states generated (6,080,845 s/min), 260,374,852 distinct states found (1,813,822 ds/min), 27,639,150 states left on queue.
Progress(61) at 2025-07-07 12:22:33: 850,331,251 states generated (6,177,717 s/min), 262,198,777 distinct states found (1,823,925 ds/min), 27,760,047 states left on queue.
Progress(61) at 2025-07-07 12:23:33: 856,598,376 states generated (6,267,125 s/min), 264,023,534 distinct states found (1,824,757 ds/min), 27,920,161 states left on queue.
Progress(61) at 2025-07-07 12:24:34: 862,819,211 states generated (6,220,835 s/min), 265,819,645 distinct states found (1,796,111 ds/min), 28,004,074 states left on queue.
Progress(61) at 2025-07-07 12:25:34: 868,983,207 states generated (6,163,996 s/min), 267,556,085 distinct states found (1,736,440 ds/min), 28,046,223 states left on queue.
Progress(61) at 2025-07-07 12:26:34: 875,132,296 states generated (6,149,089 s/min), 269,291,319 distinct states found (1,735,234 ds/min), 28,081,532 states left on queue.
Progress(61) at 2025-07-07 12:27:34: 881,290,313 states generated (6,158,017 s/min), 271,035,518 distinct states found (1,744,199 ds/min), 28,118,245 states left on queue.
Progress(61) at 2025-07-07 12:28:34: 887,380,674 states generated (6,090,361 s/min), 272,831,251 distinct states found (1,795,733 ds/min), 28,228,307 states left on queue.
Progress(61) at 2025-07-07 12:29:34: 893,448,110 states generated (6,067,436 s/min), 274,597,217 distinct states found (1,765,966 ds/min), 28,319,129 states left on queue.
Progress(61) at 2025-07-07 12:30:34: 899,464,266 states generated (6,016,156 s/min), 276,326,129 distinct states found (1,728,912 ds/min), 28,403,318 states left on queue.
Progress(61) at 2025-07-07 12:31:34: 905,603,842 states generated (6,139,576 s/min), 278,141,532 distinct states found (1,815,403 ds/min), 28,557,891 states left on queue.
Progress(61) at 2025-07-07 12:32:34: 911,634,743 states generated (6,030,901 s/min), 279,863,461 distinct states found (1,721,929 ds/min), 28,619,331 states left on queue.
Progress(61) at 2025-07-07 12:33:35: 917,673,225 states generated (6,038,482 s/min), 281,613,189 distinct states found (1,749,728 ds/min), 28,740,214 states left on queue.
Progress(61) at 2025-07-07 12:34:35: 923,399,087 states generated (5,725,862 s/min), 283,295,141 distinct states found (1,681,952 ds/min), 28,870,392 states left on queue.
Progress(61) at 2025-07-07 12:35:35: 929,380,603 states generated (5,981,516 s/min), 285,088,088 distinct states found (1,792,947 ds/min), 29,015,582 states left on queue.
Progress(61) at 2025-07-07 12:36:35: 935,545,702 states generated (6,165,099 s/min), 286,810,547 distinct states found (1,722,459 ds/min), 29,050,339 states left on queue.
Progress(62) at 2025-07-07 12:37:35: 941,648,716 states generated (6,103,014 s/min), 288,592,272 distinct states found (1,781,725 ds/min), 29,106,656 states left on queue.
Progress(62) at 2025-07-07 12:38:35: 947,659,532 states generated (6,010,816 s/min), 290,332,519 distinct states found (1,740,247 ds/min), 29,122,091 states left on queue.
Progress(62) at 2025-07-07 12:39:35: 953,821,840 states generated (6,162,308 s/min), 292,139,337 distinct states found (1,806,818 ds/min), 29,209,444 states left on queue.
Progress(62) at 2025-07-07 12:40:35: 959,993,369 states generated (6,171,529 s/min), 293,871,673 distinct states found (1,732,336 ds/min), 29,255,209 states left on queue.
Progress(62) at 2025-07-07 12:41:35: 966,121,431 states generated (6,128,062 s/min), 295,588,371 distinct states found (1,716,698 ds/min), 29,242,941 states left on queue.
Progress(62) at 2025-07-07 12:42:36: 972,144,167 states generated (6,022,736 s/min), 297,271,670 distinct states found (1,683,299 ds/min), 29,191,392 states left on queue.
Progress(62) at 2025-07-07 12:43:36: 978,193,063 states generated (6,048,896 s/min), 298,950,569 distinct states found (1,678,899 ds/min), 29,138,661 states left on queue.
Progress(62) at 2025-07-07 12:44:36: 984,098,921 states generated (5,905,858 s/min), 300,615,736 distinct states found (1,665,167 ds/min), 29,114,160 states left on queue.
Progress(62) at 2025-07-07 12:45:36: 990,174,032 states generated (6,075,111 s/min), 302,385,171 distinct states found (1,769,435 ds/min), 29,162,194 states left on queue.
Progress(62) at 2025-07-07 12:46:36: 996,231,764 states generated (6,057,732 s/min), 304,115,494 distinct states found (1,730,323 ds/min), 29,160,962 states left on queue.
Progress(62) at 2025-07-07 12:47:36: 1,002,375,891 states generated (6,144,127 s/min), 305,866,387 distinct states found (1,750,893 ds/min), 29,194,326 states left on queue.
Progress(62) at 2025-07-07 12:48:36: 1,008,526,414 states generated (6,150,523 s/min), 307,646,700 distinct states found (1,780,313 ds/min), 29,269,952 states left on queue.
Progress(62) at 2025-07-07 12:49:36: 1,014,713,187 states generated (6,186,773 s/min), 309,369,888 distinct states found (1,723,188 ds/min), 29,247,130 states left on queue.
Progress(62) at 2025-07-07 12:50:36: 1,020,907,885 states generated (6,194,698 s/min), 311,159,528 distinct states found (1,789,640 ds/min), 29,312,678 states left on queue.
Progress(62) at 2025-07-07 12:51:36: 1,026,960,129 states generated (6,052,244 s/min), 312,924,931 distinct states found (1,765,403 ds/min), 29,382,250 states left on queue.
Progress(62) at 2025-07-07 12:52:36: 1,033,043,018 states generated (6,082,889 s/min), 314,707,415 distinct states found (1,782,484 ds/min), 29,456,979 states left on queue.
Progress(62) at 2025-07-07 12:53:36: 1,039,124,958 states generated (6,081,940 s/min), 316,373,135 distinct states found (1,665,720 ds/min), 29,397,417 states left on queue.
Progress(63) at 2025-07-07 12:54:36: 1,045,196,476 states generated (6,071,518 s/min), 318,225,975 distinct states found (1,852,840 ds/min), 29,530,402 states left on queue.
Progress(63) at 2025-07-07 12:55:36: 1,051,202,831 states generated (6,006,355 s/min), 320,022,518 distinct states found (1,796,543 ds/min), 29,616,924 states left on queue.
Progress(63) at 2025-07-07 12:56:36: 1,057,206,810 states generated (6,003,979 s/min), 321,841,746 distinct states found (1,819,228 ds/min), 29,760,735 states left on queue.
Progress(63) at 2025-07-07 12:57:47: 1,062,676,021 states generated (5,469,211 s/min), 323,403,279 distinct states found (1,561,533 ds/min), 29,831,747 states left on queue.
Progress(63) at 2025-07-07 12:58:47: 1,068,810,377 states generated (6,134,356 s/min), 325,206,215 distinct states found (1,802,936 ds/min), 29,885,121 states left on queue.
Progress(63) at 2025-07-07 12:59:47: 1,074,800,988 states generated (5,990,611 s/min), 326,920,092 distinct states found (1,713,877 ds/min), 29,893,511 states left on queue.
Progress(63) at 2025-07-07 13:00:47: 1,080,699,640 states generated (5,898,652 s/min), 328,624,139 distinct states found (1,704,047 ds/min), 29,918,215 states left on queue.
Progress(63) at 2025-07-07 13:01:47: 1,086,800,029 states generated (6,100,389 s/min), 330,405,383 distinct states found (1,781,244 ds/min), 29,951,406 states left on queue.
Progress(63) at 2025-07-07 13:02:47: 1,092,916,656 states generated (6,116,627 s/min), 332,254,462 distinct states found (1,849,079 ds/min), 30,060,839 states left on queue.
Progress(63) at 2025-07-07 13:03:47: 1,098,992,122 states generated (6,075,466 s/min), 334,063,933 distinct states found (1,809,471 ds/min), 30,146,219 states left on queue.
Progress(63) at 2025-07-07 13:04:47: 1,105,203,101 states generated (6,210,979 s/min), 335,877,556 distinct states found (1,813,623 ds/min), 30,223,561 states left on queue.
Progress(63) at 2025-07-07 13:05:47: 1,111,326,581 states generated (6,123,480 s/min), 337,700,920 distinct states found (1,823,364 ds/min), 30,349,610 states left on queue.
Progress(63) at 2025-07-07 13:06:47: 1,117,444,726 states generated (6,118,145 s/min), 339,491,897 distinct states found (1,790,977 ds/min), 30,405,047 states left on queue.
Progress(63) at 2025-07-07 13:07:47: 1,123,539,497 states generated (6,094,771 s/min), 341,279,247 distinct states found (1,787,350 ds/min), 30,495,199 states left on queue.
Progress(63) at 2025-07-07 13:08:47: 1,129,672,740 states generated (6,133,243 s/min), 343,112,441 distinct states found (1,833,194 ds/min), 30,619,917 states left on queue.
Progress(63) at 2025-07-07 13:09:47: 1,135,832,848 states generated (6,160,108 s/min), 344,985,637 distinct states found (1,873,196 ds/min), 30,774,046 states left on queue.
Progress(63) at 2025-07-07 13:10:47: 1,141,840,470 states generated (6,007,622 s/min), 346,725,181 distinct states found (1,739,544 ds/min), 30,813,037 states left on queue.
Progress(64) at 2025-07-07 13:11:47: 1,147,914,688 states generated (6,074,218 s/min), 348,574,150 distinct states found (1,848,969 ds/min), 30,985,905 states left on queue.
Progress(64) at 2025-07-07 13:12:47: 1,153,897,471 states generated (5,982,783 s/min), 350,421,560 distinct states found (1,847,410 ds/min), 31,184,658 states left on queue.
Progress(64) at 2025-07-07 13:13:47: 1,159,811,593 states generated (5,914,122 s/min), 352,251,458 distinct states found (1,829,898 ds/min), 31,394,615 states left on queue.
Progress(64) at 2025-07-07 13:14:47: 1,165,880,517 states generated (6,068,924 s/min), 354,061,273 distinct states found (1,809,815 ds/min), 31,588,278 states left on queue.
Progress(64) at 2025-07-07 13:15:47: 1,171,884,223 states generated (6,003,706 s/min), 355,877,100 distinct states found (1,815,827 ds/min), 31,761,869 states left on queue.
Progress(64) at 2025-07-07 13:16:47: 1,177,384,051 states generated (5,499,828 s/min), 357,504,088 distinct states found (1,626,988 ds/min), 31,890,887 states left on queue.
Progress(64) at 2025-07-07 13:17:47: 1,183,171,872 states generated (5,787,821 s/min), 359,236,568 distinct states found (1,732,480 ds/min), 32,020,048 states left on queue.
Progress(64) at 2025-07-07 13:18:47: 1,188,877,103 states generated (5,705,231 s/min), 360,921,447 distinct states found (1,684,879 ds/min), 32,135,801 states left on queue.
Progress(64) at 2025-07-07 13:19:47: 1,194,763,439 states generated (5,886,336 s/min), 362,684,061 distinct states found (1,762,614 ds/min), 32,281,452 states left on queue.
Progress(64) at 2025-07-07 13:20:47: 1,200,698,226 states generated (5,934,787 s/min), 364,513,359 distinct states found (1,829,298 ds/min), 32,478,381 states left on queue.
Progress(64) at 2025-07-07 13:21:47: 1,206,698,568 states generated (6,000,342 s/min), 366,356,787 distinct states found (1,843,428 ds/min), 32,683,593 states left on queue.
Progress(64) at 2025-07-07 13:22:47: 1,212,631,617 states generated (5,933,049 s/min), 368,114,188 distinct states found (1,757,401 ds/min), 32,822,166 states left on queue.
Progress(64) at 2025-07-07 13:23:47: 1,218,573,155 states generated (5,941,538 s/min), 369,935,930 distinct states found (1,821,742 ds/min), 33,022,634 states left on queue.
Progress(64) at 2025-07-07 13:24:47: 1,224,646,416 states generated (6,073,261 s/min), 371,795,010 distinct states found (1,859,080 ds/min), 33,237,315 states left on queue.
Progress(64) at 2025-07-07 13:25:47: 1,230,611,140 states generated (5,964,724 s/min), 373,560,802 distinct states found (1,765,792 ds/min), 33,372,236 states left on queue.
Progress(64) at 2025-07-07 13:26:47: 1,236,701,785 states generated (6,090,645 s/min), 375,435,531 distinct states found (1,874,729 ds/min), 33,585,135 states left on queue.
Progress(64) at 2025-07-07 13:27:47: 1,242,743,804 states generated (6,042,019 s/min), 377,291,971 distinct states found (1,856,440 ds/min), 33,794,219 states left on queue.
Progress(64) at 2025-07-07 13:28:47: 1,248,702,761 states generated (5,958,957 s/min), 379,145,201 distinct states found (1,853,230 ds/min), 34,020,194 states left on queue.
Progress(64) at 2025-07-07 13:29:47: 1,254,661,464 states generated (5,958,703 s/min), 380,912,025 distinct states found (1,766,824 ds/min), 34,161,582 states left on queue.
Progress(65) at 2025-07-07 13:30:47: 1,260,684,512 states generated (6,023,048 s/min), 382,717,935 distinct states found (1,805,910 ds/min), 34,354,812 states left on queue.
Progress(65) at 2025-07-07 13:31:47: 1,266,750,406 states generated (6,065,894 s/min), 384,550,385 distinct states found (1,832,450 ds/min), 34,561,620 states left on queue.
Progress(65) at 2025-07-07 13:32:47: 1,272,787,429 states generated (6,037,023 s/min), 386,336,614 distinct states found (1,786,229 ds/min), 34,737,036 states left on queue.
Progress(65) at 2025-07-07 13:33:47: 1,278,923,323 states generated (6,135,894 s/min), 388,198,294 distinct states found (1,861,680 ds/min), 34,969,188 states left on queue.
Progress(65) at 2025-07-07 13:34:47: 1,285,019,894 states generated (6,096,571 s/min), 389,988,335 distinct states found (1,790,041 ds/min), 35,169,019 states left on queue.
Progress(65) at 2025-07-07 13:35:47: 1,291,088,668 states generated (6,068,774 s/min), 391,772,405 distinct states found (1,784,070 ds/min), 35,339,261 states left on queue.
Progress(65) at 2025-07-07 13:36:47: 1,297,122,693 states generated (6,034,025 s/min), 393,496,398 distinct states found (1,723,993 ds/min), 35,459,828 states left on queue.
Progress(65) at 2025-07-07 13:37:47: 1,303,127,581 states generated (6,004,888 s/min), 395,233,668 distinct states found (1,737,270 ds/min), 35,599,493 states left on queue.
Progress(65) at 2025-07-07 13:38:47: 1,309,154,888 states generated (6,027,307 s/min), 396,948,621 distinct states found (1,714,953 ds/min), 35,713,716 states left on queue.
Progress(65) at 2025-07-07 13:39:47: 1,315,148,080 states generated (5,993,192 s/min), 398,683,237 distinct states found (1,734,616 ds/min), 35,853,819 states left on queue.
Progress(65) at 2025-07-07 13:40:47: 1,321,091,750 states generated (5,943,670 s/min), 400,470,343 distinct states found (1,787,106 ds/min), 36,053,175 states left on queue.
Progress(65) at 2025-07-07 13:41:47: 1,327,090,728 states generated (5,998,978 s/min), 402,277,815 distinct states found (1,807,472 ds/min), 36,260,993 states left on queue.
Progress(65) at 2025-07-07 13:42:47: 1,331,217,024 states generated (4,126,296 s/min), 403,443,709 distinct states found (1,165,894 ds/min), 36,335,402 states left on queue.
Progress(65) at 2025-07-07 13:43:47: 1,337,309,644 states generated (6,092,620 s/min), 405,251,266 distinct states found (1,807,557 ds/min), 36,526,387 states left on queue.
Progress(65) at 2025-07-07 13:44:48: 1,343,469,660 states generated (6,160,016 s/min), 407,099,004 distinct states found (1,847,738 ds/min), 36,732,895 states left on queue.
Progress(65) at 2025-07-07 13:45:48: 1,349,487,134 states generated (6,017,474 s/min), 408,894,133 distinct states found (1,795,129 ds/min), 36,936,552 states left on queue.
Progress(65) at 2025-07-07 13:46:48: 1,355,635,092 states generated (6,147,958 s/min), 410,657,548 distinct states found (1,763,415 ds/min), 37,072,280 states left on queue.
Progress(65) at 2025-07-07 13:47:48: 1,361,809,631 states generated (6,174,539 s/min), 412,525,171 distinct states found (1,867,623 ds/min), 37,296,942 states left on queue.
Progress(65) at 2025-07-07 13:48:48: 1,367,973,509 states generated (6,163,878 s/min), 414,378,940 distinct states found (1,853,769 ds/min), 37,500,697 states left on queue.
Progress(65) at 2025-07-07 13:49:48: 1,374,196,508 states generated (6,222,999 s/min), 416,288,311 distinct states found (1,909,371 ds/min), 37,757,000 states left on queue.
Progress(65) at 2025-07-07 13:50:48: 1,380,405,350 states generated (6,208,842 s/min), 418,103,794 distinct states found (1,815,483 ds/min), 37,911,076 states left on queue.
Progress(66) at 2025-07-07 13:51:48: 1,386,570,854 states generated (6,165,504 s/min), 419,838,484 distinct states found (1,734,690 ds/min), 38,021,478 states left on queue.
Progress(66) at 2025-07-07 13:52:48: 1,392,741,669 states generated (6,170,815 s/min), 421,638,997 distinct states found (1,800,513 ds/min), 38,137,802 states left on queue.
Progress(66) at 2025-07-07 13:53:48: 1,398,894,244 states generated (6,152,575 s/min), 423,385,004 distinct states found (1,746,007 ds/min), 38,215,234 states left on queue.
Progress(66) at 2025-07-07 13:54:48: 1,405,040,830 states generated (6,146,586 s/min), 425,136,407 distinct states found (1,751,403 ds/min), 38,297,414 states left on queue.
Progress(66) at 2025-07-07 13:55:48: 1,411,343,986 states generated (6,303,156 s/min), 426,972,498 distinct states found (1,836,091 ds/min), 38,453,213 states left on queue.
Progress(66) at 2025-07-07 13:56:48: 1,417,647,330 states generated (6,303,344 s/min), 428,761,744 distinct states found (1,789,246 ds/min), 38,582,511 states left on queue.
Progress(66) at 2025-07-07 13:58:13: 1,423,737,948 states generated (6,090,618 s/min), 430,468,551 distinct states found (1,706,807 ds/min), 38,652,793 states left on queue.
Progress(66) at 2025-07-07 13:59:13: 1,429,927,901 states generated (6,189,953 s/min), 432,142,247 distinct states found (1,673,696 ds/min), 38,655,699 states left on queue.
Progress(66) at 2025-07-07 14:00:13: 1,436,107,698 states generated (6,179,797 s/min), 433,839,985 distinct states found (1,697,738 ds/min), 38,686,284 states left on queue.
Progress(66) at 2025-07-07 14:01:13: 1,442,314,087 states generated (6,206,389 s/min), 435,508,572 distinct states found (1,668,587 ds/min), 38,681,229 states left on queue.
Progress(66) at 2025-07-07 14:02:13: 1,448,491,991 states generated (6,177,904 s/min), 437,200,140 distinct states found (1,691,568 ds/min), 38,706,301 states left on queue.
Progress(66) at 2025-07-07 14:03:13: 1,454,669,797 states generated (6,177,806 s/min), 438,984,189 distinct states found (1,784,049 ds/min), 38,819,175 states left on queue.
Progress(66) at 2025-07-07 14:04:13: 1,460,776,239 states generated (6,106,442 s/min), 440,747,791 distinct states found (1,763,602 ds/min), 38,920,971 states left on queue.
Progress(66) at 2025-07-07 14:05:13: 1,466,907,699 states generated (6,131,460 s/min), 442,410,300 distinct states found (1,662,509 ds/min), 38,933,284 states left on queue.
Progress(66) at 2025-07-07 14:06:13: 1,473,006,033 states generated (6,098,334 s/min), 444,142,505 distinct states found (1,732,205 ds/min), 39,021,744 states left on queue.
Progress(66) at 2025-07-07 14:07:13: 1,479,059,895 states generated (6,053,862 s/min), 445,890,515 distinct states found (1,748,010 ds/min), 39,149,583 states left on queue.
Progress(66) at 2025-07-07 14:08:13: 1,485,095,553 states generated (6,035,658 s/min), 447,639,937 distinct states found (1,749,422 ds/min), 39,278,966 states left on queue.
Progress(66) at 2025-07-07 14:09:13: 1,491,074,419 states generated (5,978,866 s/min), 449,272,803 distinct states found (1,632,866 ds/min), 39,294,128 states left on queue.
Progress(66) at 2025-07-07 14:10:13: 1,497,024,778 states generated (5,950,359 s/min), 450,949,716 distinct states found (1,676,913 ds/min), 39,375,381 states left on queue.
Progress(66) at 2025-07-07 14:11:13: 1,503,025,218 states generated (6,000,440 s/min), 452,732,653 distinct states found (1,782,937 ds/min), 39,550,168 states left on queue.
Progress(66) at 2025-07-07 14:12:13: 1,509,031,034 states generated (6,005,816 s/min), 454,449,771 distinct states found (1,717,118 ds/min), 39,639,633 states left on queue.
Progress(66) at 2025-07-07 14:13:13: 1,515,095,246 states generated (6,064,212 s/min), 456,251,228 distinct states found (1,801,457 ds/min), 39,801,777 states left on queue.
Progress(66) at 2025-07-07 14:14:13: 1,520,985,190 states generated (5,889,944 s/min), 457,880,384 distinct states found (1,629,156 ds/min), 39,823,617 states left on queue.
Progress(67) at 2025-07-07 14:15:13: 1,526,739,478 states generated (5,754,288 s/min), 459,429,866 distinct states found (1,549,482 ds/min), 39,826,465 states left on queue.
Progress(67) at 2025-07-07 14:16:13: 1,532,588,784 states generated (5,849,306 s/min), 461,109,442 distinct states found (1,679,576 ds/min), 39,868,072 states left on queue.
Progress(67) at 2025-07-07 14:17:13: 1,538,501,479 states generated (5,912,695 s/min), 462,790,406 distinct states found (1,680,964 ds/min), 39,887,899 states left on queue.
Progress(67) at 2025-07-07 14:18:13: 1,544,502,134 states generated (6,000,655 s/min), 464,477,416 distinct states found (1,687,010 ds/min), 39,883,770 states left on queue.
Progress(67) at 2025-07-07 14:19:13: 1,550,449,786 states generated (5,947,652 s/min), 466,192,681 distinct states found (1,715,265 ds/min), 39,938,971 states left on queue.
Progress(67) at 2025-07-07 14:20:13: 1,556,597,952 states generated (6,148,166 s/min), 467,908,084 distinct states found (1,715,403 ds/min), 40,017,997 states left on queue.
Progress(67) at 2025-07-07 14:21:13: 1,562,622,315 states generated (6,024,363 s/min), 469,572,467 distinct states found (1,664,383 ds/min), 40,013,547 states left on queue.
Progress(67) at 2025-07-07 14:22:13: 1,568,599,454 states generated (5,977,139 s/min), 471,217,495 distinct states found (1,645,028 ds/min), 39,990,196 states left on queue.
Progress(67) at 2025-07-07 14:23:13: 1,574,772,403 states generated (6,172,949 s/min), 472,866,912 distinct states found (1,649,417 ds/min), 39,923,538 states left on queue.
Progress(67) at 2025-07-07 14:24:13: 1,580,838,219 states generated (6,065,816 s/min), 474,513,866 distinct states found (1,646,954 ds/min), 39,869,681 states left on queue.
Progress(67) at 2025-07-07 14:25:13: 1,586,984,175 states generated (6,145,956 s/min), 476,151,168 distinct states found (1,637,302 ds/min), 39,805,725 states left on queue.
Progress(67) at 2025-07-07 14:26:13: 1,592,983,730 states generated (5,999,555 s/min), 477,812,659 distinct states found (1,661,491 ds/min), 39,780,378 states left on queue.
Progress(67) at 2025-07-07 14:27:13: 1,598,958,155 states generated (5,974,425 s/min), 479,525,961 distinct states found (1,713,302 ds/min), 39,817,894 states left on queue.
Progress(67) at 2025-07-07 14:28:13: 1,605,088,665 states generated (6,130,510 s/min), 481,267,427 distinct states found (1,741,466 ds/min), 39,850,764 states left on queue.
Progress(67) at 2025-07-07 14:29:13: 1,611,134,660 states generated (6,045,995 s/min), 482,884,627 distinct states found (1,617,200 ds/min), 39,792,397 states left on queue.
Progress(67) at 2025-07-07 14:30:13: 1,617,187,823 states generated (6,053,163 s/min), 484,614,830 distinct states found (1,730,203 ds/min), 39,842,217 states left on queue.
Progress(67) at 2025-07-07 14:31:13: 1,623,225,018 states generated (6,037,195 s/min), 486,313,956 distinct states found (1,699,126 ds/min), 39,876,417 states left on queue.
Progress(67) at 2025-07-07 14:32:13: 1,629,349,135 states generated (6,124,117 s/min), 488,066,765 distinct states found (1,752,809 ds/min), 39,929,681 states left on queue.
Progress(67) at 2025-07-07 14:33:13: 1,635,416,788 states generated (6,067,653 s/min), 489,685,661 distinct states found (1,618,896 ds/min), 39,864,795 states left on queue.
Progress(67) at 2025-07-07 14:34:13: 1,641,519,365 states generated (6,102,577 s/min), 491,434,034 distinct states found (1,748,373 ds/min), 39,914,781 states left on queue.
Progress(67) at 2025-07-07 14:35:13: 1,647,623,806 states generated (6,104,441 s/min), 493,212,651 distinct states found (1,778,617 ds/min), 40,004,378 states left on queue.
Progress(67) at 2025-07-07 14:36:13: 1,653,644,340 states generated (6,020,534 s/min), 494,927,930 distinct states found (1,715,279 ds/min), 40,035,311 states left on queue.
Progress(67) at 2025-07-07 14:37:13: 1,659,625,222 states generated (5,980,882 s/min), 496,662,918 distinct states found (1,734,988 ds/min), 40,094,652 states left on queue.
Progress(67) at 2025-07-07 14:38:13: 1,665,635,825 states generated (6,010,603 s/min), 498,291,520 distinct states found (1,628,602 ds/min), 40,054,137 states left on queue.
Progress(68) at 2025-07-07 14:39:13: 1,671,740,474 states generated (6,104,649 s/min), 499,979,184 distinct states found (1,687,664 ds/min), 40,047,963 states left on queue.
Progress(68) at 2025-07-07 14:40:13: 1,677,685,774 states generated (5,945,300 s/min), 501,774,855 distinct states found (1,795,671 ds/min), 40,145,138 states left on queue.
Progress(68) at 2025-07-07 14:41:13: 1,683,627,511 states generated (5,941,737 s/min), 503,524,081 distinct states found (1,749,226 ds/min), 40,219,596 states left on queue.
Progress(68) at 2025-07-07 14:42:13: 1,689,530,728 states generated (5,903,217 s/min), 505,263,307 distinct states found (1,739,226 ds/min), 40,297,885 states left on queue.
Progress(68) at 2025-07-07 14:43:13: 1,695,484,105 states generated (5,953,377 s/min), 507,045,237 distinct states found (1,781,930 ds/min), 40,407,444 states left on queue.
Progress(68) at 2025-07-07 14:44:13: 1,701,605,716 states generated (6,121,611 s/min), 508,787,664 distinct states found (1,742,427 ds/min), 40,482,106 states left on queue.
Progress(68) at 2025-07-07 14:45:13: 1,707,643,882 states generated (6,038,166 s/min), 510,527,397 distinct states found (1,739,733 ds/min), 40,533,629 states left on queue.
Progress(68) at 2025-07-07 14:46:13: 1,713,644,829 states generated (6,000,947 s/min), 512,205,644 distinct states found (1,678,247 ds/min), 40,529,377 states left on queue.
Progress(68) at 2025-07-07 14:47:13: 1,719,666,468 states generated (6,021,639 s/min), 513,906,394 distinct states found (1,700,750 ds/min), 40,547,679 states left on queue.
Progress(68) at 2025-07-07 14:48:13: 1,725,661,388 states generated (5,994,920 s/min), 515,583,481 distinct states found (1,677,087 ds/min), 40,542,301 states left on queue.
Progress(68) at 2025-07-07 14:49:13: 1,731,582,325 states generated (5,920,937 s/min), 517,255,427 distinct states found (1,671,946 ds/min), 40,558,832 states left on queue.
Progress(68) at 2025-07-07 14:50:13: 1,737,523,563 states generated (5,941,238 s/min), 519,010,829 distinct states found (1,755,402 ds/min), 40,643,714 states left on queue.
Progress(68) at 2025-07-07 14:51:13: 1,743,523,830 states generated (6,000,267 s/min), 520,794,197 distinct states found (1,783,368 ds/min), 40,734,696 states left on queue.
Progress(68) at 2025-07-07 14:52:14: 1,749,553,731 states generated (6,029,901 s/min), 522,546,899 distinct states found (1,752,702 ds/min), 40,785,958 states left on queue.
Progress(68) at 2025-07-07 14:53:14: 1,755,641,248 states generated (6,087,517 s/min), 524,266,063 distinct states found (1,719,164 ds/min), 40,816,229 states left on queue.
Progress(68) at 2025-07-07 14:54:14: 1,761,692,889 states generated (6,051,641 s/min), 526,063,723 distinct states found (1,797,660 ds/min), 40,923,987 states left on queue.
Progress(68) at 2025-07-07 14:55:14: 1,767,630,634 states generated (5,937,745 s/min), 527,816,915 distinct states found (1,753,192 ds/min), 41,007,530 states left on queue.
Progress(68) at 2025-07-07 14:56:14: 1,773,639,951 states generated (6,009,317 s/min), 529,542,903 distinct states found (1,725,988 ds/min), 41,054,221 states left on queue.
Progress(68) at 2025-07-07 14:57:14: 1,779,720,683 states generated (6,080,732 s/min), 531,258,584 distinct states found (1,715,681 ds/min), 41,075,711 states left on queue.
Progress(68) at 2025-07-07 14:58:36: 1,785,558,992 states generated (5,838,309 s/min), 533,008,217 distinct states found (1,749,633 ds/min), 41,183,006 states left on queue.
Progress(68) at 2025-07-07 14:59:36: 1,791,644,660 states generated (6,085,668 s/min), 534,811,339 distinct states found (1,803,122 ds/min), 41,275,069 states left on queue.
Progress(68) at 2025-07-07 15:00:36: 1,797,614,767 states generated (5,970,107 s/min), 536,599,053 distinct states found (1,787,714 ds/min), 41,389,302 states left on queue.
Progress(68) at 2025-07-07 15:01:36: 1,803,603,935 states generated (5,989,168 s/min), 538,390,141 distinct states found (1,791,088 ds/min), 41,488,412 states left on queue.
Progress(68) at 2025-07-07 15:02:36: 1,809,619,773 states generated (6,015,838 s/min), 540,077,426 distinct states found (1,687,285 ds/min), 41,500,202 states left on queue.
Progress(69) at 2025-07-07 15:03:36: 1,815,611,713 states generated (5,991,940 s/min), 541,844,701 distinct states found (1,767,275 ds/min), 41,613,686 states left on queue.
Progress(69) at 2025-07-07 15:04:36: 1,821,572,311 states generated (5,960,598 s/min), 543,679,006 distinct states found (1,834,305 ds/min), 41,784,304 states left on queue.
Progress(69) at 2025-07-07 15:05:36: 1,827,572,791 states generated (6,000,480 s/min), 545,489,981 distinct states found (1,810,975 ds/min), 41,941,633 states left on queue.
Progress(69) at 2025-07-07 15:06:36: 1,833,542,935 states generated (5,970,144 s/min), 547,290,268 distinct states found (1,800,287 ds/min), 42,097,905 states left on queue.
Progress(69) at 2025-07-07 15:07:36: 1,839,559,953 states generated (6,017,018 s/min), 549,137,439 distinct states found (1,847,171 ds/min), 42,280,241 states left on queue.
Progress(69) at 2025-07-07 15:08:36: 1,845,645,702 states generated (6,085,749 s/min), 550,919,398 distinct states found (1,781,959 ds/min), 42,414,463 states left on queue.
Progress(69) at 2025-07-07 15:09:36: 1,851,598,490 states generated (5,952,788 s/min), 552,684,257 distinct states found (1,764,859 ds/min), 42,539,232 states left on queue.
Progress(69) at 2025-07-07 15:10:36: 1,857,502,451 states generated (5,903,961 s/min), 554,422,516 distinct states found (1,738,259 ds/min), 42,655,396 states left on queue.
Progress(69) at 2025-07-07 15:11:36: 1,863,379,866 states generated (5,877,415 s/min), 556,124,146 distinct states found (1,701,630 ds/min), 42,755,566 states left on queue.
Progress(69) at 2025-07-07 15:12:36: 1,869,367,726 states generated (5,987,860 s/min), 557,873,008 distinct states found (1,748,862 ds/min), 42,860,256 states left on queue.
Progress(69) at 2025-07-07 15:13:36: 1,875,239,747 states generated (5,872,021 s/min), 559,572,978 distinct states found (1,699,970 ds/min), 42,962,508 states left on queue.
Progress(69) at 2025-07-07 15:14:36: 1,880,874,183 states generated (5,634,436 s/min), 561,232,110 distinct states found (1,659,132 ds/min), 43,073,971 states left on queue.
Progress(69) at 2025-07-07 15:15:36: 1,886,876,703 states generated (6,002,520 s/min), 563,063,665 distinct states found (1,831,555 ds/min), 43,247,294 states left on queue.
Progress(69) at 2025-07-07 15:16:36: 1,892,773,613 states generated (5,896,910 s/min), 564,868,747 distinct states found (1,805,082 ds/min), 43,420,768 states left on queue.
Progress(69) at 2025-07-07 15:17:36: 1,898,813,174 states generated (6,039,561 s/min), 566,615,918 distinct states found (1,747,171 ds/min), 43,534,145 states left on queue.
Progress(69) at 2025-07-07 15:18:36: 1,904,871,655 states generated (6,058,481 s/min), 568,438,788 distinct states found (1,822,870 ds/min), 43,678,912 states left on queue.
Progress(69) at 2025-07-07 15:19:36: 1,910,891,196 states generated (6,019,541 s/min), 570,256,911 distinct states found (1,818,123 ds/min), 43,833,086 states left on queue.
Progress(69) at 2025-07-07 15:20:36: 1,916,953,289 states generated (6,062,093 s/min), 572,092,830 distinct states found (1,835,919 ds/min), 43,995,366 states left on queue.
Progress(69) at 2025-07-07 15:21:36: 1,922,976,963 states generated (6,023,674 s/min), 573,875,556 distinct states found (1,782,726 ds/min), 44,120,948 states left on queue.
Progress(69) at 2025-07-07 15:22:36: 1,929,010,056 states generated (6,033,093 s/min), 575,629,918 distinct states found (1,754,362 ds/min), 44,233,387 states left on queue.
Progress(69) at 2025-07-07 15:23:36: 1,934,970,531 states generated (5,960,475 s/min), 577,468,706 distinct states found (1,838,788 ds/min), 44,411,029 states left on queue.
Progress(69) at 2025-07-07 15:24:36: 1,941,009,597 states generated (6,039,066 s/min), 579,309,153 distinct states found (1,840,447 ds/min), 44,576,196 states left on queue.
Progress(69) at 2025-07-07 15:25:36: 1,946,950,730 states generated (5,941,133 s/min), 581,121,250 distinct states found (1,812,097 ds/min), 44,752,061 states left on queue.
Progress(69) at 2025-07-07 15:26:36: 1,952,760,108 states generated (5,809,378 s/min), 582,915,341 distinct states found (1,794,091 ds/min), 44,932,421 states left on queue.
Progress(69) at 2025-07-07 15:27:36: 1,958,774,178 states generated (6,014,070 s/min), 584,682,611 distinct states found (1,767,270 ds/min), 45,057,162 states left on queue.
Progress(70) at 2025-07-07 15:28:36: 1,964,825,290 states generated (6,051,112 s/min), 586,417,422 distinct states found (1,734,811 ds/min), 45,159,074 states left on queue.
Progress(70) at 2025-07-07 15:29:36: 1,970,786,452 states generated (5,961,162 s/min), 588,192,752 distinct states found (1,775,330 ds/min), 45,309,974 states left on queue.
Progress(70) at 2025-07-07 15:30:36: 1,976,822,933 states generated (6,036,481 s/min), 589,983,232 distinct states found (1,790,480 ds/min), 45,458,363 states left on queue.
Progress(70) at 2025-07-07 15:31:36: 1,982,793,630 states generated (5,970,697 s/min), 591,705,786 distinct states found (1,722,554 ds/min), 45,569,624 states left on queue.
Progress(70) at 2025-07-07 15:32:36: 1,988,795,709 states generated (6,002,079 s/min), 593,473,219 distinct states found (1,767,433 ds/min), 45,711,387 states left on queue.
Progress(70) at 2025-07-07 15:33:36: 1,994,721,291 states generated (5,925,582 s/min), 595,235,793 distinct states found (1,762,574 ds/min), 45,871,658 states left on queue.
Progress(70) at 2025-07-07 15:34:36: 2,000,729,367 states generated (6,008,076 s/min), 596,982,875 distinct states found (1,747,082 ds/min), 46,020,918 states left on queue.
Progress(70) at 2025-07-07 15:35:37: 2,006,659,305 states generated (5,929,938 s/min), 598,690,456 distinct states found (1,707,581 ds/min), 46,125,048 states left on queue.
Progress(70) at 2025-07-07 15:36:37: 2,012,521,866 states generated (5,862,561 s/min), 600,393,747 distinct states found (1,703,291 ds/min), 46,225,634 states left on queue.
Progress(70) at 2025-07-07 15:37:37: 2,018,540,463 states generated (6,018,597 s/min), 602,072,568 distinct states found (1,678,821 ds/min), 46,307,757 states left on queue.
Progress(70) at 2025-07-07 15:38:37: 2,024,475,199 states generated (5,934,736 s/min), 603,741,253 distinct states found (1,668,685 ds/min), 46,378,375 states left on queue.
Progress(70) at 2025-07-07 15:39:37: 2,030,423,663 states generated (5,948,464 s/min), 605,404,839 distinct states found (1,663,586 ds/min), 46,446,647 states left on queue.
Progress(70) at 2025-07-07 15:40:37: 2,036,183,782 states generated (5,760,119 s/min), 607,025,924 distinct states found (1,621,085 ds/min), 46,522,131 states left on queue.
Progress(70) at 2025-07-07 15:41:37: 2,041,922,597 states generated (5,738,815 s/min), 608,726,088 distinct states found (1,700,164 ds/min), 46,663,074 states left on queue.
Progress(70) at 2025-07-07 15:42:37: 2,047,750,432 states generated (5,827,835 s/min), 610,433,535 distinct states found (1,707,447 ds/min), 46,793,651 states left on queue.
Progress(70) at 2025-07-07 15:43:37: 2,053,669,093 states generated (5,918,661 s/min), 612,179,611 distinct states found (1,746,076 ds/min), 46,939,816 states left on queue.
Progress(70) at 2025-07-07 15:44:37: 2,059,634,658 states generated (5,965,565 s/min), 613,842,522 distinct states found (1,662,911 ds/min), 47,010,054 states left on queue.
Progress(70) at 2025-07-07 15:45:37: 2,065,532,649 states generated (5,897,991 s/min), 615,571,454 distinct states found (1,728,932 ds/min), 47,139,068 states left on queue.
Progress(70) at 2025-07-07 15:46:37: 2,071,470,659 states generated (5,938,010 s/min), 617,343,429 distinct states found (1,771,975 ds/min), 47,297,822 states left on queue.
Progress(70) at 2025-07-07 15:47:37: 2,077,398,176 states generated (5,927,517 s/min), 619,089,704 distinct states found (1,746,275 ds/min), 47,440,606 states left on queue.
Progress(70) at 2025-07-07 15:48:37: 2,083,349,197 states generated (5,951,021 s/min), 620,833,567 distinct states found (1,743,863 ds/min), 47,576,255 states left on queue.
Progress(70) at 2025-07-07 15:49:37: 2,089,377,137 states generated (6,027,940 s/min), 622,515,073 distinct states found (1,681,506 ds/min), 47,645,813 states left on queue.
Progress(70) at 2025-07-07 15:50:37: 2,095,373,722 states generated (5,996,585 s/min), 624,290,967 distinct states found (1,775,894 ds/min), 47,786,675 states left on queue.
Progress(70) at 2025-07-07 15:51:37: 2,101,392,150 states generated (6,018,428 s/min), 626,107,910 distinct states found (1,816,943 ds/min), 47,963,940 states left on queue.
Progress(70) at 2025-07-07 15:52:37: 2,107,363,941 states generated (5,971,791 s/min), 627,858,861 distinct states found (1,750,951 ds/min), 48,094,359 states left on queue.
Progress(70) at 2025-07-07 15:53:37: 2,113,347,590 states generated (5,983,649 s/min), 629,645,947 distinct states found (1,787,086 ds/min), 48,267,840 states left on queue.
Progress(70) at 2025-07-07 15:54:37: 2,119,323,771 states generated (5,976,181 s/min), 631,431,885 distinct states found (1,785,938 ds/min), 48,429,047 states left on queue.
Progress(70) at 2025-07-07 15:55:37: 2,125,344,914 states generated (6,021,143 s/min), 633,139,385 distinct states found (1,707,500 ds/min), 48,515,676 states left on queue.
Progress(71) at 2025-07-07 15:56:37: 2,131,372,676 states generated (6,027,762 s/min), 634,806,410 distinct states found (1,667,025 ds/min), 48,555,833 states left on queue.
Progress(71) at 2025-07-07 15:57:37: 2,137,398,414 states generated (6,025,738 s/min), 636,499,164 distinct states found (1,692,754 ds/min), 48,593,471 states left on queue.
Progress(71) at 2025-07-07 15:59:00: 2,143,265,226 states generated (5,866,812 s/min), 638,173,073 distinct states found (1,673,909 ds/min), 48,643,393 states left on queue.
Progress(71) at 2025-07-07 16:00:00: 2,149,305,266 states generated (6,040,040 s/min), 639,833,186 distinct states found (1,660,113 ds/min), 48,630,117 states left on queue.
Progress(71) at 2025-07-07 16:01:00: 2,155,334,633 states generated (6,029,367 s/min), 641,484,679 distinct states found (1,651,493 ds/min), 48,620,805 states left on queue.
Progress(71) at 2025-07-07 16:02:00: 2,161,352,938 states generated (6,018,305 s/min), 643,203,594 distinct states found (1,718,915 ds/min), 48,676,415 states left on queue.
Progress(71) at 2025-07-07 16:03:00: 2,167,504,190 states generated (6,151,252 s/min), 644,940,101 distinct states found (1,736,507 ds/min), 48,784,043 states left on queue.
Progress(71) at 2025-07-07 16:04:00: 2,173,453,106 states generated (5,948,916 s/min), 646,601,707 distinct states found (1,661,606 ds/min), 48,820,172 states left on queue.
Progress(71) at 2025-07-07 16:05:00: 2,179,463,969 states generated (6,010,863 s/min), 648,258,573 distinct states found (1,656,866 ds/min), 48,817,925 states left on queue.
Progress(71) at 2025-07-07 16:06:00: 2,185,432,649 states generated (5,968,680 s/min), 649,836,808 distinct states found (1,578,235 ds/min), 48,755,663 states left on queue.
Progress(71) at 2025-07-07 16:07:01: 2,191,415,092 states generated (5,982,443 s/min), 651,424,669 distinct states found (1,587,861 ds/min), 48,695,304 states left on queue.
Progress(71) at 2025-07-07 16:08:01: 2,197,371,039 states generated (5,955,947 s/min), 653,026,727 distinct states found (1,602,058 ds/min), 48,650,546 states left on queue.
Progress(71) at 2025-07-07 16:09:01: 2,203,324,711 states generated (5,953,672 s/min), 654,613,848 distinct states found (1,587,121 ds/min), 48,602,151 states left on queue.
Progress(71) at 2025-07-07 16:10:01: 2,209,323,270 states generated (5,998,559 s/min), 656,225,579 distinct states found (1,611,731 ds/min), 48,557,204 states left on queue.
Progress(71) at 2025-07-07 16:11:01: 2,215,360,361 states generated (6,037,091 s/min), 657,942,060 distinct states found (1,716,481 ds/min), 48,614,977 states left on queue.
Progress(71) at 2025-07-07 16:12:01: 2,221,271,275 states generated (5,910,914 s/min), 659,589,757 distinct states found (1,647,697 ds/min), 48,630,768 states left on queue.
Progress(71) at 2025-07-07 16:13:01: 2,227,137,605 states generated (5,866,330 s/min), 661,217,067 distinct states found (1,627,310 ds/min), 48,645,480 states left on queue.
Progress(71) at 2025-07-07 16:14:01: 2,233,022,156 states generated (5,884,551 s/min), 662,770,520 distinct states found (1,553,453 ds/min), 48,583,519 states left on queue.
Progress(71) at 2025-07-07 16:15:01: 2,239,005,435 states generated (5,983,279 s/min), 664,451,481 distinct states found (1,680,961 ds/min), 48,612,741 states left on queue.
Progress(71) at 2025-07-07 16:16:01: 2,244,943,142 states generated (5,937,707 s/min), 666,146,171 distinct states found (1,694,690 ds/min), 48,687,549 states left on queue.
Progress(71) at 2025-07-07 16:17:01: 2,250,872,586 states generated (5,929,444 s/min), 667,815,975 distinct states found (1,669,804 ds/min), 48,728,509 states left on queue.
Progress(71) at 2025-07-07 16:18:01: 2,256,794,624 states generated (5,922,038 s/min), 669,481,777 distinct states found (1,665,802 ds/min), 48,777,388 states left on queue.
Progress(71) at 2025-07-07 16:19:01: 2,262,760,276 states generated (5,965,652 s/min), 671,055,629 distinct states found (1,573,852 ds/min), 48,711,343 states left on queue.
Progress(71) at 2025-07-07 16:20:01: 2,268,724,412 states generated (5,964,136 s/min), 672,722,894 distinct states found (1,667,265 ds/min), 48,731,355 states left on queue.
Progress(71) at 2025-07-07 16:21:01: 2,274,723,611 states generated (5,999,199 s/min), 674,465,020 distinct states found (1,742,126 ds/min), 48,829,056 states left on queue.
Progress(71) at 2025-07-07 16:22:01: 2,280,714,405 states generated (5,990,794 s/min), 676,174,510 distinct states found (1,709,490 ds/min), 48,894,678 states left on queue.
Progress(71) at 2025-07-07 16:23:01: 2,286,798,488 states generated (6,084,083 s/min), 677,875,511 distinct states found (1,701,001 ds/min), 48,918,973 states left on queue.
Progress(71) at 2025-07-07 16:24:01: 2,292,850,411 states generated (6,051,923 s/min), 679,619,920 distinct states found (1,744,409 ds/min), 49,006,297 states left on queue.
Progress(71) at 2025-07-07 16:25:01: 2,298,810,990 states generated (5,960,579 s/min), 681,263,858 distinct states found (1,643,938 ds/min), 48,999,429 states left on queue.
Progress(71) at 2025-07-07 16:26:01: 2,304,784,605 states generated (5,973,615 s/min), 682,831,902 distinct states found (1,568,044 ds/min), 48,926,331 states left on queue.
Progress(72) at 2025-07-07 16:27:01: 2,310,819,044 states generated (6,034,439 s/min), 684,468,334 distinct states found (1,636,432 ds/min), 48,882,499 states left on queue.
Progress(72) at 2025-07-07 16:28:01: 2,316,681,568 states generated (5,862,524 s/min), 686,115,865 distinct states found (1,647,531 ds/min), 48,841,032 states left on queue.
Progress(72) at 2025-07-07 16:29:01: 2,322,634,871 states generated (5,953,303 s/min), 687,741,592 distinct states found (1,625,727 ds/min), 48,751,597 states left on queue.
Progress(72) at 2025-07-07 16:30:01: 2,328,460,938 states generated (5,826,067 s/min), 689,328,446 distinct states found (1,586,854 ds/min), 48,656,921 states left on queue.
Progress(72) at 2025-07-07 16:31:01: 2,334,344,828 states generated (5,883,890 s/min), 690,963,508 distinct states found (1,635,062 ds/min), 48,617,903 states left on queue.
Progress(72) at 2025-07-07 16:32:01: 2,340,296,048 states generated (5,951,220 s/min), 692,622,568 distinct states found (1,659,060 ds/min), 48,608,255 states left on queue.
Progress(72) at 2025-07-07 16:33:01: 2,346,404,477 states generated (6,108,429 s/min), 694,272,425 distinct states found (1,649,857 ds/min), 48,591,382 states left on queue.
Progress(72) at 2025-07-07 16:34:01: 2,352,360,058 states generated (5,955,581 s/min), 695,867,235 distinct states found (1,594,810 ds/min), 48,482,187 states left on queue.
Progress(72) at 2025-07-07 16:35:01: 2,358,294,872 states generated (5,934,814 s/min), 697,480,067 distinct states found (1,612,832 ds/min), 48,371,915 states left on queue.
Progress(72) at 2025-07-07 16:36:01: 2,364,260,892 states generated (5,966,020 s/min), 699,032,833 distinct states found (1,552,766 ds/min), 48,233,062 states left on queue.
Progress(72) at 2025-07-07 16:37:01: 2,370,072,894 states generated (5,812,002 s/min), 700,559,195 distinct states found (1,526,362 ds/min), 48,080,984 states left on queue.
Progress(72) at 2025-07-07 16:38:01: 2,376,123,022 states generated (6,050,128 s/min), 702,135,003 distinct states found (1,575,808 ds/min), 47,927,446 states left on queue.
Progress(72) at 2025-07-07 16:39:01: 2,382,106,961 states generated (5,983,939 s/min), 703,714,119 distinct states found (1,579,116 ds/min), 47,783,262 states left on queue.
Progress(72) at 2025-07-07 16:40:01: 2,388,120,513 states generated (6,013,552 s/min), 705,392,868 distinct states found (1,678,749 ds/min), 47,751,781 states left on queue.
Progress(72) at 2025-07-07 16:41:01: 2,394,100,957 states generated (5,980,444 s/min), 707,026,023 distinct states found (1,633,155 ds/min), 47,671,504 states left on queue.
Progress(72) at 2025-07-07 16:42:01: 2,400,047,942 states generated (5,946,985 s/min), 708,671,065 distinct states found (1,645,042 ds/min), 47,620,915 states left on queue.
Progress(72) at 2025-07-07 16:43:01: 2,405,977,129 states generated (5,929,187 s/min), 710,211,789 distinct states found (1,540,724 ds/min), 47,464,093 states left on queue.
Progress(72) at 2025-07-07 16:44:01: 2,411,924,141 states generated (5,947,012 s/min), 711,851,851 distinct states found (1,640,062 ds/min), 47,402,712 states left on queue.
Progress(72) at 2025-07-07 16:45:01: 2,417,990,287 states generated (6,066,146 s/min), 713,535,367 distinct states found (1,683,516 ds/min), 47,384,154 states left on queue.
Progress(72) at 2025-07-07 16:46:01: 2,423,930,806 states generated (5,940,519 s/min), 715,180,672 distinct states found (1,645,305 ds/min), 47,343,848 states left on queue.
Progress(72) at 2025-07-07 16:47:01: 2,429,752,605 states generated (5,821,799 s/min), 716,786,285 distinct states found (1,605,613 ds/min), 47,309,539 states left on queue.
Progress(72) at 2025-07-07 16:48:01: 2,435,469,933 states generated (5,717,328 s/min), 718,273,614 distinct states found (1,487,329 ds/min), 47,152,003 states left on queue.
Progress(72) at 2025-07-07 16:49:01: 2,441,427,631 states generated (5,957,698 s/min), 719,910,468 distinct states found (1,636,854 ds/min), 47,083,990 states left on queue.
Progress(72) at 2025-07-07 16:50:01: 2,447,479,721 states generated (6,052,090 s/min), 721,626,177 distinct states found (1,715,709 ds/min), 47,098,591 states left on queue.
Progress(72) at 2025-07-07 16:51:01: 2,453,402,681 states generated (5,922,960 s/min), 723,276,068 distinct states found (1,649,891 ds/min), 47,075,572 states left on queue.
Progress(72) at 2025-07-07 16:52:01: 2,459,376,083 states generated (5,973,402 s/min), 724,927,687 distinct states found (1,651,619 ds/min), 47,022,702 states left on queue.
Progress(72) at 2025-07-07 16:53:01: 2,465,404,378 states generated (6,028,295 s/min), 726,626,342 distinct states found (1,698,655 ds/min), 47,021,056 states left on queue.
Progress(72) at 2025-07-07 16:54:01: 2,471,401,148 states generated (5,996,770 s/min), 728,260,904 distinct states found (1,634,562 ds/min), 46,938,382 states left on queue.
Progress(72) at 2025-07-07 16:55:01: 2,477,320,596 states generated (5,919,448 s/min), 729,792,705 distinct states found (1,531,801 ds/min), 46,766,549 states left on queue.
Progress(73) at 2025-07-07 16:56:01: 2,483,139,589 states generated (5,818,993 s/min), 731,434,342 distinct states found (1,641,637 ds/min), 46,769,416 states left on queue.
Progress(73) at 2025-07-07 16:57:01: 2,489,031,481 states generated (5,891,892 s/min), 733,141,158 distinct states found (1,706,816 ds/min), 46,775,690 states left on queue.
Progress(73) at 2025-07-07 16:58:01: 2,494,932,205 states generated (5,900,724 s/min), 734,813,165 distinct states found (1,672,007 ds/min), 46,737,515 states left on queue.
Progress(73) at 2025-07-07 16:59:24: 2,500,783,681 states generated (5,851,476 s/min), 736,485,379 distinct states found (1,672,214 ds/min), 46,733,554 states left on queue.
Progress(73) at 2025-07-07 17:00:24: 2,506,741,529 states generated (5,957,848 s/min), 738,191,592 distinct states found (1,706,213 ds/min), 46,737,564 states left on queue.
Progress(73) at 2025-07-07 17:01:25: 2,512,798,192 states generated (6,056,663 s/min), 739,897,284 distinct states found (1,705,692 ds/min), 46,747,511 states left on queue.
Progress(73) at 2025-07-07 17:02:25: 2,518,843,085 states generated (6,044,893 s/min), 741,581,735 distinct states found (1,684,451 ds/min), 46,721,323 states left on queue.
Progress(73) at 2025-07-07 17:03:25: 2,524,756,742 states generated (5,913,657 s/min), 743,231,525 distinct states found (1,649,790 ds/min), 46,662,354 states left on queue.
Progress(73) at 2025-07-07 17:04:25: 2,530,556,089 states generated (5,799,347 s/min), 744,805,218 distinct states found (1,573,693 ds/min), 46,539,260 states left on queue.
Progress(73) at 2025-07-07 17:05:25: 2,536,352,712 states generated (5,796,623 s/min), 746,394,981 distinct states found (1,589,763 ds/min), 46,434,177 states left on queue.
Progress(73) at 2025-07-07 17:06:25: 2,542,309,335 states generated (5,956,623 s/min), 748,006,695 distinct states found (1,611,714 ds/min), 46,308,298 states left on queue.
Progress(73) at 2025-07-07 17:07:25: 2,548,144,817 states generated (5,835,482 s/min), 749,603,641 distinct states found (1,596,946 ds/min), 46,207,062 states left on queue.
Progress(73) at 2025-07-07 17:08:25: 2,554,044,607 states generated (5,899,790 s/min), 751,299,604 distinct states found (1,695,963 ds/min), 46,211,196 states left on queue.
Progress(73) at 2025-07-07 17:09:25: 2,559,972,785 states generated (5,928,178 s/min), 752,985,144 distinct states found (1,685,540 ds/min), 46,202,403 states left on queue.
Progress(73) at 2025-07-07 17:10:25: 2,565,763,772 states generated (5,790,987 s/min), 754,654,069 distinct states found (1,668,925 ds/min), 46,219,183 states left on queue.
Progress(73) at 2025-07-07 17:11:25: 2,571,690,615 states generated (5,926,843 s/min), 756,265,532 distinct states found (1,611,463 ds/min), 46,112,621 states left on queue.
Progress(73) at 2025-07-07 17:12:25: 2,577,667,314 states generated (5,976,699 s/min), 757,969,856 distinct states found (1,704,324 ds/min), 46,095,605 states left on queue.
Progress(73) at 2025-07-07 17:13:25: 2,583,646,454 states generated (5,979,140 s/min), 759,658,998 distinct states found (1,689,142 ds/min), 46,083,866 states left on queue.
Progress(73) at 2025-07-07 17:14:25: 2,589,532,206 states generated (5,885,752 s/min), 761,348,203 distinct states found (1,689,205 ds/min), 46,098,660 states left on queue.
Progress(73) at 2025-07-07 17:15:25: 2,595,449,457 states generated (5,917,251 s/min), 763,015,395 distinct states found (1,667,192 ds/min), 46,075,254 states left on queue.
Progress(73) at 2025-07-07 17:16:25: 2,601,290,587 states generated (5,841,130 s/min), 764,605,495 distinct states found (1,590,100 ds/min), 45,967,452 states left on queue.
Progress(73) at 2025-07-07 17:17:25: 2,607,179,260 states generated (5,888,673 s/min), 766,299,399 distinct states found (1,693,904 ds/min), 45,971,963 states left on queue.
Progress(73) at 2025-07-07 17:18:25: 2,613,097,712 states generated (5,918,452 s/min), 768,001,296 distinct states found (1,701,897 ds/min), 45,995,727 states left on queue.
Progress(73) at 2025-07-07 17:19:25: 2,618,976,832 states generated (5,879,120 s/min), 769,661,800 distinct states found (1,660,504 ds/min), 45,970,460 states left on queue.
Progress(73) at 2025-07-07 17:20:25: 2,624,883,299 states generated (5,906,467 s/min), 771,373,613 distinct states found (1,711,813 ds/min), 46,018,281 states left on queue.
Progress(73) at 2025-07-07 17:21:25: 2,630,822,150 states generated (5,938,851 s/min), 773,097,532 distinct states found (1,723,919 ds/min), 46,054,966 states left on queue.
Progress(73) at 2025-07-07 17:22:25: 2,636,704,543 states generated (5,882,393 s/min), 774,746,072 distinct states found (1,648,540 ds/min), 46,010,171 states left on queue.
Progress(74) at 2025-07-07 17:23:25: 2,642,516,816 states generated (5,812,273 s/min), 776,355,703 distinct states found (1,609,631 ds/min), 45,939,416 states left on queue.
Progress(74) at 2025-07-07 17:24:25: 2,648,422,285 states generated (5,905,469 s/min), 778,092,689 distinct states found (1,736,986 ds/min), 46,064,375 states left on queue.
Progress(74) at 2025-07-07 17:25:25: 2,654,380,927 states generated (5,958,642 s/min), 779,867,713 distinct states found (1,775,024 ds/min), 46,202,840 states left on queue.
Progress(74) at 2025-07-07 17:26:25: 2,660,232,355 states generated (5,851,428 s/min), 781,566,489 distinct states found (1,698,776 ds/min), 46,281,104 states left on queue.
Progress(74) at 2025-07-07 17:27:25: 2,666,075,300 states generated (5,842,945 s/min), 783,267,539 distinct states found (1,701,050 ds/min), 46,373,384 states left on queue.
Progress(74) at 2025-07-07 17:28:25: 2,671,949,302 states generated (5,874,002 s/min), 785,011,820 distinct states found (1,744,281 ds/min), 46,512,758 states left on queue.
Progress(74) at 2025-07-07 17:29:25: 2,677,966,513 states generated (6,017,211 s/min), 786,745,961 distinct states found (1,734,141 ds/min), 46,590,492 states left on queue.
Progress(74) at 2025-07-07 17:30:25: 2,683,871,479 states generated (5,904,966 s/min), 788,447,957 distinct states found (1,701,996 ds/min), 46,663,159 states left on queue.
Progress(74) at 2025-07-07 17:31:25: 2,689,709,634 states generated (5,838,155 s/min), 790,140,368 distinct states found (1,692,411 ds/min), 46,724,555 states left on queue.
Progress(74) at 2025-07-07 17:32:25: 2,695,553,999 states generated (5,844,365 s/min), 791,780,674 distinct states found (1,640,306 ds/min), 46,723,696 states left on queue.
Progress(74) at 2025-07-07 17:33:25: 2,701,425,524 states generated (5,871,525 s/min), 793,442,660 distinct states found (1,661,986 ds/min), 46,742,223 states left on queue.
Progress(74) at 2025-07-07 17:34:25: 2,707,229,300 states generated (5,803,776 s/min), 795,071,331 distinct states found (1,628,671 ds/min), 46,735,861 states left on queue.
Progress(74) at 2025-07-07 17:35:25: 2,713,037,812 states generated (5,808,512 s/min), 796,707,772 distinct states found (1,636,441 ds/min), 46,746,154 states left on queue.
Progress(74) at 2025-07-07 17:36:25: 2,719,003,840 states generated (5,966,028 s/min), 798,485,607 distinct states found (1,777,835 ds/min), 46,892,711 states left on queue.
Progress(74) at 2025-07-07 17:37:25: 2,724,890,712 states generated (5,886,872 s/min), 800,203,437 distinct states found (1,717,830 ds/min), 46,993,090 states left on queue.
Progress(74) at 2025-07-07 17:38:25: 2,730,847,372 states generated (5,956,660 s/min), 801,960,419 distinct states found (1,756,982 ds/min), 47,121,320 states left on queue.
Progress(74) at 2025-07-07 17:39:25: 2,736,714,609 states generated (5,867,237 s/min), 803,613,755 distinct states found (1,653,336 ds/min), 47,139,839 states left on queue.
Error: TLC threw an unexpected exception.
This was probably caused by an error in the spec or model.
See the User Output or TLC Console for clues to what happened.
The exception was a java.lang.OutOfMemoryError
: Requested array size exceeds VM limit
2742449119 states generated, 805306406 distinct states found, 47240680 states left on queue.
The depth of the complete state graph search is 74.
The average outdegree of the complete state graph is 1 (minimum is 0, the maximum 10 and the 95th percentile is 3).
Finished in 07h 43min at (2025-07-07 17:40:26)
Model checking done...
