ARGS: cfgsSymm
Setting java path
Starting model check...
TLC2 Version 2.19 of 08 August 2024 (rev: 5a47802)
Running breadth-first search Model-Checking with fp 80 and seed -1483433954321875779 with 32 workers on 32 cores with 163840MB heap and 64MB offheap memory [pid: 87364] (Linux 4.18.0-553.58.1.el8_10.x86_64 amd64, Red Hat, Inc. 21.0.7 x86_64, MSBDiskFPSet, DiskStateQueue).
Parsing file /scratch/stolla/models/tlc_large_T/gen_server_behaviour_simple.tla

Unrecoverable error:
 -- Illegal lexeme `ยง' found at
    line 60, column 3.

Parsing file /tmp/Naturals.tla
Parsing file /tmp/Sequences.tla
Parsing file /tmp/TLC.tla
Parsing file /tmp/FiniteSets.tla
Parsing file /tmp/Typecheck.tla
Parsing file /tmp/Timeouts.tla
Parsing file /scratch/stolla/models/tlc_large_T/ShiVizExt.tla
Parsing file /scratch/stolla/models/tlc_large_T/GenServerUtil.tla
Parsing file /scratch/stolla/models/tlc_large_T/SymmConfig.tla
Parsing file /tmp/Integers.tla
Parsing file /tmp/Json.tla
Parsing file /tmp/Toolbox.tla
Semantic processing of module Naturals
Semantic processing of module Sequences
Semantic processing of module FiniteSets
Semantic processing of module TLC
Semantic processing of module Integers
Semantic processing of module Typecheck
Semantic processing of module Timeouts
Semantic processing of module Json
Semantic processing of module GenServerUtil
Semantic processing of module Toolbox
Semantic processing of module ShiVizExt
Semantic processing of module SymmConfig
Semantic processing of module gen_server_behaviour_simple
Starting... (2025-07-07 19:01:36)
Warning: Declaring symmetry during liveness checking is dangerous. It might cause TLC to miss violations of the stated liveness properties. Please check liveness without symmetry defined.
(Use the -nowarning option to disable this warning.)
Implied-temporal checking--satisfiability problem has 1 branches.
Computing initial states...
Finished computing initial states: 1 distinct state generated at 2025-07-07 19:01:36.
Progress(22) at 2025-07-07 19:01:39: 66,257 states generated (66,257 s/min), 24,889 distinct states found (24,889 ds/min), 10,282 states left on queue.
Progress(35) at 2025-07-07 19:02:39: 2,185,844 states generated (2,119,587 s/min), 717,556 distinct states found (692,667 ds/min), 126,783 states left on queue.
Progress(38) at 2025-07-07 19:03:39: 4,366,693 states generated (2,180,849 s/min), 1,433,774 distinct states found (716,218 ds/min), 248,986 states left on queue.
Progress(41) at 2025-07-07 19:04:39: 6,528,504 states generated (2,161,811 s/min), 2,139,506 distinct states found (705,732 ds/min), 357,186 states left on queue.
Progress(42) at 2025-07-07 19:05:39: 8,660,412 states generated (2,131,908 s/min), 2,837,435 distinct states found (697,929 ds/min), 462,955 states left on queue.
Progress(43) at 2025-07-07 19:06:39: 10,903,654 states generated (2,243,242 s/min), 3,554,358 distinct states found (716,923 ds/min), 566,028 states left on queue.
Progress(44) at 2025-07-07 19:07:39: 13,176,553 states generated (2,272,899 s/min), 4,278,399 distinct states found (724,041 ds/min), 655,405 states left on queue.
Progress(45) at 2025-07-07 19:08:39: 15,438,826 states generated (2,262,273 s/min), 5,008,082 distinct states found (729,683 ds/min), 757,223 states left on queue.
Progress(46) at 2025-07-07 19:09:39: 17,729,103 states generated (2,290,277 s/min), 5,745,884 distinct states found (737,802 ds/min), 861,795 states left on queue.
Progress(47) at 2025-07-07 19:10:39: 19,856,385 states generated (2,127,282 s/min), 6,425,631 distinct states found (679,747 ds/min), 943,158 states left on queue.
Progress(48) at 2025-07-07 19:11:39: 22,169,499 states generated (2,313,114 s/min), 7,155,781 distinct states found (730,150 ds/min), 1,045,419 states left on queue.
Progress(48) at 2025-07-07 19:12:39: 24,492,549 states generated (2,323,050 s/min), 7,873,914 distinct states found (718,133 ds/min), 1,119,632 states left on queue.
Progress(49) at 2025-07-07 19:13:39: 26,810,552 states generated (2,318,003 s/min), 8,616,235 distinct states found (742,321 ds/min), 1,204,817 states left on queue.
Progress(49) at 2025-07-07 19:14:39: 29,191,615 states generated (2,381,063 s/min), 9,345,377 distinct states found (729,142 ds/min), 1,279,145 states left on queue.
Progress(50) at 2025-07-07 19:15:40: 31,536,885 states generated (2,345,270 s/min), 10,096,596 distinct states found (751,219 ds/min), 1,375,010 states left on queue.
Progress(50) at 2025-07-07 19:16:40: 33,897,239 states generated (2,360,354 s/min), 10,837,187 distinct states found (740,591 ds/min), 1,472,145 states left on queue.
Progress(51) at 2025-07-07 19:17:40: 36,230,993 states generated (2,333,754 s/min), 11,577,419 distinct states found (740,232 ds/min), 1,563,206 states left on queue.
Progress(51) at 2025-07-07 19:18:40: 38,584,535 states generated (2,353,542 s/min), 12,310,887 distinct states found (733,468 ds/min), 1,671,334 states left on queue.
Progress(52) at 2025-07-07 19:19:40: 40,928,661 states generated (2,344,126 s/min), 13,047,488 distinct states found (736,601 ds/min), 1,748,180 states left on queue.
Progress(52) at 2025-07-07 19:20:40: 43,327,923 states generated (2,399,262 s/min), 13,780,090 distinct states found (732,602 ds/min), 1,831,542 states left on queue.
Progress(53) at 2025-07-07 19:21:40: 45,722,203 states generated (2,394,280 s/min), 14,513,010 distinct states found (732,920 ds/min), 1,917,958 states left on queue.
Progress(53) at 2025-07-07 19:22:40: 48,032,895 states generated (2,310,692 s/min), 15,251,674 distinct states found (738,664 ds/min), 1,997,196 states left on queue.
Progress(53) at 2025-07-07 19:23:40: 50,469,909 states generated (2,437,014 s/min), 15,976,998 distinct states found (725,324 ds/min), 2,073,209 states left on queue.
Progress(54) at 2025-07-07 19:24:40: 52,867,861 states generated (2,397,952 s/min), 16,694,685 distinct states found (717,687 ds/min), 2,125,616 states left on queue.
Progress(54) at 2025-07-07 19:25:40: 55,156,635 states generated (2,288,774 s/min), 17,438,566 distinct states found (743,881 ds/min), 2,224,380 states left on queue.
Progress(54) at 2025-07-07 19:26:40: 57,644,464 states generated (2,487,829 s/min), 18,186,518 distinct states found (747,952 ds/min), 2,293,294 states left on queue.
Progress(55) at 2025-07-07 19:27:40: 60,102,910 states generated (2,458,446 s/min), 18,921,945 distinct states found (735,427 ds/min), 2,344,380 states left on queue.
Progress(55) at 2025-07-07 19:28:40: 62,480,388 states generated (2,377,478 s/min), 19,682,771 distinct states found (760,826 ds/min), 2,454,410 states left on queue.
Progress(55) at 2025-07-07 19:29:40: 64,909,409 states generated (2,429,021 s/min), 20,439,148 distinct states found (756,377 ds/min), 2,533,864 states left on queue.
Progress(55) at 2025-07-07 19:30:40: 67,381,978 states generated (2,472,569 s/min), 21,204,774 distinct states found (765,626 ds/min), 2,642,570 states left on queue.
Progress(56) at 2025-07-07 19:31:40: 69,807,029 states generated (2,425,051 s/min), 21,950,468 distinct states found (745,694 ds/min), 2,710,024 states left on queue.
Progress(56) at 2025-07-07 19:32:40: 72,191,682 states generated (2,384,653 s/min), 22,681,891 distinct states found (731,423 ds/min), 2,778,029 states left on queue.
Progress(56) at 2025-07-07 19:33:40: 74,604,488 states generated (2,412,806 s/min), 23,435,341 distinct states found (753,450 ds/min), 2,878,824 states left on queue.
Progress(56) at 2025-07-07 19:34:40: 77,048,182 states generated (2,443,694 s/min), 24,180,651 distinct states found (745,310 ds/min), 2,985,077 states left on queue.
Progress(57) at 2025-07-07 19:35:40: 79,479,669 states generated (2,431,487 s/min), 24,926,923 distinct states found (746,272 ds/min), 3,054,921 states left on queue.
Progress(57) at 2025-07-07 19:36:40: 81,892,050 states generated (2,412,381 s/min), 25,659,917 distinct states found (732,994 ds/min), 3,098,277 states left on queue.
Progress(57) at 2025-07-07 19:37:40: 84,431,999 states generated (2,539,949 s/min), 26,424,052 distinct states found (764,135 ds/min), 3,171,867 states left on queue.
Progress(57) at 2025-07-07 19:38:40: 86,990,321 states generated (2,558,322 s/min), 27,191,304 distinct states found (767,252 ds/min), 3,265,473 states left on queue.
Progress(57) at 2025-07-07 19:39:40: 89,499,719 states generated (2,509,398 s/min), 27,929,664 distinct states found (738,360 ds/min), 3,331,590 states left on queue.
Progress(58) at 2025-07-07 19:40:40: 91,915,276 states generated (2,415,557 s/min), 28,691,281 distinct states found (761,617 ds/min), 3,401,928 states left on queue.
Progress(58) at 2025-07-07 19:41:40: 94,370,999 states generated (2,455,723 s/min), 29,433,375 distinct states found (742,094 ds/min), 3,450,907 states left on queue.
Progress(58) at 2025-07-07 19:42:40: 96,818,357 states generated (2,447,358 s/min), 30,159,671 distinct states found (726,296 ds/min), 3,499,773 states left on queue.
Progress(58) at 2025-07-07 19:43:40: 99,300,288 states generated (2,481,931 s/min), 30,883,097 distinct states found (723,426 ds/min), 3,549,742 states left on queue.
Progress(59) at 2025-07-07 19:44:40: 101,795,680 states generated (2,495,392 s/min), 31,604,715 distinct states found (721,618 ds/min), 3,582,818 states left on queue.
Progress(59) at 2025-07-07 19:45:40: 104,259,203 states generated (2,463,523 s/min), 32,388,176 distinct states found (783,461 ds/min), 3,674,513 states left on queue.
Progress(59) at 2025-07-07 19:46:40: 106,727,457 states generated (2,468,254 s/min), 33,143,295 distinct states found (755,119 ds/min), 3,733,329 states left on queue.
Progress(59) at 2025-07-07 19:47:40: 109,281,872 states generated (2,554,415 s/min), 33,908,505 distinct states found (765,210 ds/min), 3,785,291 states left on queue.
Progress(59) at 2025-07-07 19:48:40: 111,797,521 states generated (2,515,649 s/min), 34,660,245 distinct states found (751,740 ds/min), 3,848,669 states left on queue.
Progress(60) at 2025-07-07 19:49:40: 114,329,996 states generated (2,532,475 s/min), 35,390,686 distinct states found (730,441 ds/min), 3,867,763 states left on queue.
Progress(60) at 2025-07-07 19:50:40: 116,758,798 states generated (2,428,802 s/min), 36,147,893 distinct states found (757,207 ds/min), 3,957,471 states left on queue.
Progress(60) at 2025-07-07 19:51:40: 119,216,477 states generated (2,457,679 s/min), 36,902,198 distinct states found (754,305 ds/min), 4,039,056 states left on queue.
Progress(60) at 2025-07-07 19:52:40: 121,758,410 states generated (2,541,933 s/min), 37,669,677 distinct states found (767,479 ds/min), 4,093,821 states left on queue.
Progress(60) at 2025-07-07 19:53:40: 124,283,650 states generated (2,525,240 s/min), 38,443,331 distinct states found (773,654 ds/min), 4,184,472 states left on queue.
Progress(60) at 2025-07-07 19:54:40: 126,828,364 states generated (2,544,714 s/min), 39,229,668 distinct states found (786,337 ds/min), 4,265,977 states left on queue.
Progress(61) at 2025-07-07 19:55:40: 129,461,354 states generated (2,632,990 s/min), 40,007,275 distinct states found (777,607 ds/min), 4,309,528 states left on queue.
Progress(61) at 2025-07-07 19:56:40: 132,030,188 states generated (2,568,834 s/min), 40,782,222 distinct states found (774,947 ds/min), 4,375,108 states left on queue.
Progress(61) at 2025-07-07 19:57:40: 134,619,846 states generated (2,589,658 s/min), 41,546,321 distinct states found (764,099 ds/min), 4,412,315 states left on queue.
Progress(61) at 2025-07-07 19:58:40: 137,193,373 states generated (2,573,527 s/min), 42,326,984 distinct states found (780,663 ds/min), 4,500,086 states left on queue.
Progress(61) at 2025-07-07 19:59:40: 139,779,484 states generated (2,586,111 s/min), 43,104,413 distinct states found (777,429 ds/min), 4,592,174 states left on queue.
Progress(61) at 2025-07-07 20:00:40: 142,265,031 states generated (2,485,547 s/min), 43,851,226 distinct states found (746,813 ds/min), 4,667,511 states left on queue.
Progress(62) at 2025-07-07 20:01:42: 144,644,618 states generated (2,379,587 s/min), 44,561,394 distinct states found (710,168 ds/min), 4,722,972 states left on queue.
Progress(62) at 2025-07-07 20:02:42: 147,057,604 states generated (2,412,986 s/min), 45,274,815 distinct states found (713,421 ds/min), 4,745,754 states left on queue.
Progress(62) at 2025-07-07 20:03:42: 149,498,828 states generated (2,441,224 s/min), 45,981,542 distinct states found (706,727 ds/min), 4,755,870 states left on queue.
Progress(62) at 2025-07-07 20:04:42: 152,196,142 states generated (2,697,314 s/min), 46,762,011 distinct states found (780,469 ds/min), 4,799,610 states left on queue.
Progress(62) at 2025-07-07 20:05:42: 154,689,482 states generated (2,493,340 s/min), 47,509,953 distinct states found (747,942 ds/min), 4,875,243 states left on queue.
Progress(62) at 2025-07-07 20:06:42: 157,233,578 states generated (2,544,096 s/min), 48,246,731 distinct states found (736,778 ds/min), 4,934,390 states left on queue.
Progress(62) at 2025-07-07 20:07:42: 159,772,551 states generated (2,538,973 s/min), 48,975,618 distinct states found (728,887 ds/min), 4,964,052 states left on queue.
Progress(63) at 2025-07-07 20:08:42: 162,372,277 states generated (2,599,726 s/min), 49,736,796 distinct states found (761,178 ds/min), 5,018,261 states left on queue.
Progress(63) at 2025-07-07 20:09:42: 164,739,411 states generated (2,367,134 s/min), 50,463,655 distinct states found (726,859 ds/min), 5,075,825 states left on queue.
Progress(63) at 2025-07-07 20:10:42: 167,243,338 states generated (2,503,927 s/min), 51,205,238 distinct states found (741,583 ds/min), 5,104,326 states left on queue.
Progress(63) at 2025-07-07 20:11:42: 169,899,892 states generated (2,656,554 s/min), 51,947,432 distinct states found (742,194 ds/min), 5,116,239 states left on queue.
Progress(63) at 2025-07-07 20:12:42: 172,391,536 states generated (2,491,644 s/min), 52,684,122 distinct states found (736,690 ds/min), 5,163,686 states left on queue.
Progress(63) at 2025-07-07 20:13:42: 174,990,142 states generated (2,598,606 s/min), 53,419,838 distinct states found (735,716 ds/min), 5,190,692 states left on queue.
Progress(63) at 2025-07-07 20:14:42: 177,428,315 states generated (2,438,173 s/min), 54,103,634 distinct states found (683,796 ds/min), 5,180,915 states left on queue.
Progress(64) at 2025-07-07 20:15:42: 180,097,633 states generated (2,669,318 s/min), 54,863,915 distinct states found (760,281 ds/min), 5,217,272 states left on queue.
Progress(64) at 2025-07-07 20:16:42: 182,634,247 states generated (2,536,614 s/min), 55,662,005 distinct states found (798,090 ds/min), 5,313,966 states left on queue.
Progress(64) at 2025-07-07 20:17:42: 185,213,361 states generated (2,579,114 s/min), 56,453,836 distinct states found (791,831 ds/min), 5,398,175 states left on queue.
Progress(64) at 2025-07-07 20:18:42: 187,998,804 states generated (2,785,443 s/min), 57,241,656 distinct states found (787,820 ds/min), 5,397,163 states left on queue.
Progress(64) at 2025-07-07 20:19:42: 190,602,358 states generated (2,603,554 s/min), 58,022,944 distinct states found (781,288 ds/min), 5,463,612 states left on queue.
Progress(64) at 2025-07-07 20:20:43: 193,241,702 states generated (2,639,344 s/min), 58,787,407 distinct states found (764,463 ds/min), 5,508,244 states left on queue.
Progress(64) at 2025-07-07 20:21:43: 195,801,341 states generated (2,559,639 s/min), 59,527,233 distinct states found (739,826 ds/min), 5,524,678 states left on queue.
Progress(65) at 2025-07-07 20:22:43: 198,480,883 states generated (2,679,542 s/min), 60,279,777 distinct states found (752,544 ds/min), 5,527,353 states left on queue.
Progress(65) at 2025-07-07 20:23:43: 200,985,420 states generated (2,504,537 s/min), 61,047,100 distinct states found (767,323 ds/min), 5,622,202 states left on queue.
Progress(65) at 2025-07-07 20:24:43: 203,503,312 states generated (2,517,892 s/min), 61,812,067 distinct states found (764,967 ds/min), 5,713,429 states left on queue.
Progress(65) at 2025-07-07 20:25:43: 206,052,609 states generated (2,549,297 s/min), 62,551,029 distinct states found (738,962 ds/min), 5,754,637 states left on queue.
Progress(65) at 2025-07-07 20:26:43: 208,692,821 states generated (2,640,212 s/min), 63,327,105 distinct states found (776,076 ds/min), 5,807,415 states left on queue.
Progress(65) at 2025-07-07 20:27:43: 211,243,305 states generated (2,550,484 s/min), 64,106,716 distinct states found (779,611 ds/min), 5,902,051 states left on queue.
Progress(65) at 2025-07-07 20:28:43: 213,940,997 states generated (2,697,692 s/min), 64,915,748 distinct states found (809,032 ds/min), 5,982,429 states left on queue.
Progress(65) at 2025-07-07 20:29:43: 216,621,684 states generated (2,680,687 s/min), 65,715,274 distinct states found (799,526 ds/min), 6,036,324 states left on queue.
Progress(66) at 2025-07-07 20:30:43: 219,385,039 states generated (2,763,355 s/min), 66,493,017 distinct states found (777,743 ds/min), 6,053,869 states left on queue.
Progress(66) at 2025-07-07 20:31:43: 221,857,447 states generated (2,472,408 s/min), 67,217,749 distinct states found (724,732 ds/min), 6,104,405 states left on queue.
Progress(66) at 2025-07-07 20:32:43: 224,369,901 states generated (2,512,454 s/min), 67,955,980 distinct states found (738,231 ds/min), 6,159,145 states left on queue.
Progress(66) at 2025-07-07 20:33:43: 226,920,254 states generated (2,550,353 s/min), 68,663,651 distinct states found (707,671 ds/min), 6,170,038 states left on queue.
Progress(66) at 2025-07-07 20:34:43: 229,611,105 states generated (2,690,851 s/min), 69,447,219 distinct states found (783,568 ds/min), 6,234,959 states left on queue.
Progress(66) at 2025-07-07 20:35:43: 232,102,087 states generated (2,490,982 s/min), 70,208,593 distinct states found (761,374 ds/min), 6,337,691 states left on queue.
Progress(66) at 2025-07-07 20:36:43: 234,724,883 states generated (2,622,796 s/min), 70,978,963 distinct states found (770,370 ds/min), 6,422,940 states left on queue.
Progress(66) at 2025-07-07 20:37:43: 237,315,217 states generated (2,590,334 s/min), 71,745,261 distinct states found (766,298 ds/min), 6,499,298 states left on queue.
Progress(66) at 2025-07-07 20:38:43: 240,131,500 states generated (2,816,283 s/min), 72,559,624 distinct states found (814,363 ds/min), 6,558,875 states left on queue.
Progress(67) at 2025-07-07 20:39:43: 242,784,236 states generated (2,652,736 s/min), 73,329,676 distinct states found (770,052 ds/min), 6,577,799 states left on queue.
Progress(67) at 2025-07-07 20:40:43: 245,398,057 states generated (2,613,821 s/min), 74,081,928 distinct states found (752,252 ds/min), 6,596,082 states left on queue.
Progress(67) at 2025-07-07 20:41:43: 247,991,341 states generated (2,593,284 s/min), 74,812,968 distinct states found (731,040 ds/min), 6,602,732 states left on queue.
Progress(67) at 2025-07-07 20:42:43: 250,820,586 states generated (2,829,245 s/min), 75,595,541 distinct states found (782,573 ds/min), 6,622,018 states left on queue.
Progress(67) at 2025-07-07 20:43:43: 253,430,388 states generated (2,609,802 s/min), 76,350,962 distinct states found (755,421 ds/min), 6,667,924 states left on queue.
Progress(67) at 2025-07-07 20:44:43: 256,000,603 states generated (2,570,215 s/min), 77,106,666 distinct states found (755,704 ds/min), 6,745,688 states left on queue.
Progress(67) at 2025-07-07 20:45:43: 258,630,519 states generated (2,629,916 s/min), 77,847,645 distinct states found (740,979 ds/min), 6,793,761 states left on queue.
Progress(67) at 2025-07-07 20:46:43: 261,180,472 states generated (2,549,953 s/min), 78,565,957 distinct states found (718,312 ds/min), 6,828,601 states left on queue.
Progress(67) at 2025-07-07 20:47:43: 263,874,793 states generated (2,694,321 s/min), 79,313,131 distinct states found (747,174 ds/min), 6,858,312 states left on queue.
Progress(68) at 2025-07-07 20:48:43: 266,446,424 states generated (2,571,631 s/min), 80,064,661 distinct states found (751,530 ds/min), 6,896,345 states left on queue.
Progress(68) at 2025-07-07 20:49:43: 268,961,201 states generated (2,514,777 s/min), 80,818,611 distinct states found (753,950 ds/min), 6,939,884 states left on queue.
Progress(68) at 2025-07-07 20:50:43: 271,479,208 states generated (2,518,007 s/min), 81,578,261 distinct states found (759,650 ds/min), 6,985,695 states left on queue.
Progress(68) at 2025-07-07 20:51:43: 274,169,530 states generated (2,690,322 s/min), 82,336,667 distinct states found (758,406 ds/min), 6,992,062 states left on queue.
Progress(68) at 2025-07-07 20:52:43: 276,971,678 states generated (2,802,148 s/min), 83,093,807 distinct states found (757,140 ds/min), 6,991,391 states left on queue.
Progress(68) at 2025-07-07 20:53:43: 279,485,845 states generated (2,514,167 s/min), 83,826,905 distinct states found (733,098 ds/min), 7,026,020 states left on queue.
Progress(68) at 2025-07-07 20:54:43: 282,133,835 states generated (2,647,990 s/min), 84,564,872 distinct states found (737,967 ds/min), 7,056,651 states left on queue.
Progress(68) at 2025-07-07 20:55:43: 284,728,250 states generated (2,594,415 s/min), 85,308,251 distinct states found (743,379 ds/min), 7,084,603 states left on queue.
Progress(68) at 2025-07-07 20:56:43: 287,340,032 states generated (2,611,782 s/min), 86,007,420 distinct states found (699,169 ds/min), 7,059,752 states left on queue.
Progress(69) at 2025-07-07 20:57:43: 290,112,132 states generated (2,772,100 s/min), 86,771,500 distinct states found (764,080 ds/min), 7,071,008 states left on queue.
Progress(69) at 2025-07-07 20:58:43: 292,596,261 states generated (2,484,129 s/min), 87,535,019 distinct states found (763,519 ds/min), 7,148,439 states left on queue.
Progress(69) at 2025-07-07 20:59:43: 295,070,852 states generated (2,474,591 s/min), 88,292,135 distinct states found (757,116 ds/min), 7,219,368 states left on queue.
Progress(69) at 2025-07-07 21:00:43: 297,539,591 states generated (2,468,739 s/min), 89,039,375 distinct states found (747,240 ds/min), 7,285,363 states left on queue.
Progress(69) at 2025-07-07 21:01:52: 300,151,194 states generated (2,611,603 s/min), 89,766,929 distinct states found (727,554 ds/min), 7,296,273 states left on queue.
Progress(69) at 2025-07-07 21:02:52: 302,878,368 states generated (2,727,174 s/min), 90,544,294 distinct states found (777,365 ds/min), 7,310,870 states left on queue.
Progress(69) at 2025-07-07 21:03:52: 305,498,744 states generated (2,620,376 s/min), 91,321,295 distinct states found (777,001 ds/min), 7,360,238 states left on queue.
Progress(69) at 2025-07-07 21:04:52: 308,216,931 states generated (2,718,187 s/min), 92,094,665 distinct states found (773,370 ds/min), 7,391,840 states left on queue.
Progress(69) at 2025-07-07 21:05:52: 310,754,533 states generated (2,537,602 s/min), 92,844,662 distinct states found (749,997 ds/min), 7,426,322 states left on queue.
Progress(69) at 2025-07-07 21:06:52: 313,360,839 states generated (2,606,306 s/min), 93,568,716 distinct states found (724,054 ds/min), 7,415,084 states left on queue.
Progress(70) at 2025-07-07 21:07:52: 316,088,945 states generated (2,728,106 s/min), 94,310,929 distinct states found (742,213 ds/min), 7,423,333 states left on queue.
Progress(70) at 2025-07-07 21:08:52: 318,555,900 states generated (2,466,955 s/min), 95,053,945 distinct states found (743,016 ds/min), 7,491,203 states left on queue.
Progress(70) at 2025-07-07 21:09:52: 320,989,368 states generated (2,433,468 s/min), 95,769,506 distinct states found (715,561 ds/min), 7,547,583 states left on queue.
Progress(70) at 2025-07-07 21:10:52: 323,446,986 states generated (2,457,618 s/min), 96,502,643 distinct states found (733,137 ds/min), 7,609,776 states left on queue.
Progress(70) at 2025-07-07 21:11:52: 325,940,966 states generated (2,493,980 s/min), 97,204,211 distinct states found (701,568 ds/min), 7,631,532 states left on queue.
Progress(70) at 2025-07-07 21:12:52: 328,683,667 states generated (2,742,701 s/min), 97,976,275 distinct states found (772,064 ds/min), 7,661,058 states left on queue.
Progress(70) at 2025-07-07 21:13:52: 331,170,305 states generated (2,486,638 s/min), 98,748,915 distinct states found (772,640 ds/min), 7,737,538 states left on queue.
Progress(70) at 2025-07-07 21:14:52: 333,695,619 states generated (2,525,314 s/min), 99,491,309 distinct states found (742,394 ds/min), 7,793,540 states left on queue.
Progress(70) at 2025-07-07 21:15:52: 336,270,325 states generated (2,574,706 s/min), 100,264,391 distinct states found (773,082 ds/min), 7,860,649 states left on queue.
Progress(70) at 2025-07-07 21:16:52: 338,611,048 states generated (2,340,723 s/min), 100,958,842 distinct states found (694,451 ds/min), 7,909,710 states left on queue.
Progress(70) at 2025-07-07 21:17:52: 341,366,605 states generated (2,755,557 s/min), 101,739,975 distinct states found (781,133 ds/min), 7,932,397 states left on queue.
Progress(71) at 2025-07-07 21:18:52: 344,164,907 states generated (2,798,302 s/min), 102,511,823 distinct states found (771,848 ds/min), 7,930,912 states left on queue.
Progress(71) at 2025-07-07 21:19:52: 346,673,143 states generated (2,508,236 s/min), 103,239,193 distinct states found (727,370 ds/min), 7,960,314 states left on queue.
Progress(71) at 2025-07-07 21:20:52: 349,251,921 states generated (2,578,778 s/min), 103,962,954 distinct states found (723,761 ds/min), 7,972,768 states left on queue.
Progress(71) at 2025-07-07 21:21:52: 351,791,654 states generated (2,539,733 s/min), 104,661,469 distinct states found (698,515 ds/min), 7,967,970 states left on queue.
Progress(71) at 2025-07-07 21:22:52: 354,499,970 states generated (2,708,316 s/min), 105,407,839 distinct states found (746,370 ds/min), 7,974,218 states left on queue.
Progress(71) at 2025-07-07 21:23:53: 357,187,628 states generated (2,687,658 s/min), 106,186,106 distinct states found (778,267 ds/min), 8,026,251 states left on queue.
Progress(71) at 2025-07-07 21:24:53: 359,695,112 states generated (2,507,484 s/min), 106,945,319 distinct states found (759,213 ds/min), 8,104,843 states left on queue.
Progress(71) at 2025-07-07 21:25:53: 362,252,534 states generated (2,557,422 s/min), 107,685,834 distinct states found (740,515 ds/min), 8,164,427 states left on queue.
Progress(71) at 2025-07-07 21:26:53: 364,800,925 states generated (2,548,391 s/min), 108,437,224 distinct states found (751,390 ds/min), 8,229,022 states left on queue.
Progress(71) at 2025-07-07 21:27:53: 367,313,473 states generated (2,512,548 s/min), 109,173,107 distinct states found (735,883 ds/min), 8,281,545 states left on queue.
Progress(71) at 2025-07-07 21:28:53: 369,979,653 states generated (2,666,180 s/min), 109,926,616 distinct states found (753,509 ds/min), 8,312,408 states left on queue.
Progress(72) at 2025-07-07 21:29:53: 372,634,552 states generated (2,654,899 s/min), 110,655,666 distinct states found (729,050 ds/min), 8,306,113 states left on queue.
Progress(72) at 2025-07-07 21:30:53: 375,098,812 states generated (2,464,260 s/min), 111,359,099 distinct states found (703,433 ds/min), 8,301,096 states left on queue.
Progress(72) at 2025-07-07 21:31:53: 377,551,717 states generated (2,452,905 s/min), 112,034,798 distinct states found (675,699 ds/min), 8,271,784 states left on queue.
Progress(72) at 2025-07-07 21:32:53: 380,034,235 states generated (2,482,518 s/min), 112,722,589 distinct states found (687,791 ds/min), 8,247,023 states left on queue.
Progress(72) at 2025-07-07 21:33:53: 382,591,570 states generated (2,557,335 s/min), 113,411,024 distinct states found (688,435 ds/min), 8,203,963 states left on queue.
Progress(72) at 2025-07-07 21:34:53: 385,331,979 states generated (2,740,409 s/min), 114,156,939 distinct states found (745,915 ds/min), 8,222,953 states left on queue.
Progress(72) at 2025-07-07 21:35:53: 387,851,604 states generated (2,519,625 s/min), 114,878,810 distinct states found (721,871 ds/min), 8,250,269 states left on queue.
Progress(72) at 2025-07-07 21:36:53: 390,376,461 states generated (2,524,857 s/min), 115,604,651 distinct states found (725,841 ds/min), 8,293,149 states left on queue.
Progress(72) at 2025-07-07 21:37:53: 393,133,806 states generated (2,757,345 s/min), 116,366,292 distinct states found (761,641 ds/min), 8,319,930 states left on queue.
Progress(72) at 2025-07-07 21:38:53: 395,784,731 states generated (2,650,925 s/min), 117,119,923 distinct states found (753,631 ds/min), 8,339,017 states left on queue.
Progress(72) at 2025-07-07 21:39:53: 398,471,676 states generated (2,686,945 s/min), 117,838,410 distinct states found (718,487 ds/min), 8,321,669 states left on queue.
Progress(73) at 2025-07-07 21:40:53: 401,399,338 states generated (2,927,662 s/min), 118,649,966 distinct states found (811,556 ds/min), 8,334,142 states left on queue.
Progress(73) at 2025-07-07 21:41:53: 404,145,199 states generated (2,745,861 s/min), 119,443,064 distinct states found (793,098 ds/min), 8,345,146 states left on queue.
Progress(73) at 2025-07-07 21:42:53: 406,743,888 states generated (2,598,689 s/min), 120,188,029 distinct states found (744,965 ds/min), 8,348,989 states left on queue.
Progress(73) at 2025-07-07 21:43:53: 409,272,897 states generated (2,529,009 s/min), 120,920,847 distinct states found (732,818 ds/min), 8,354,990 states left on queue.
Progress(73) at 2025-07-07 21:44:53: 411,857,660 states generated (2,584,763 s/min), 121,631,571 distinct states found (710,724 ds/min), 8,312,715 states left on queue.
Progress(73) at 2025-07-07 21:45:53: 414,689,188 states generated (2,831,528 s/min), 122,381,335 distinct states found (749,764 ds/min), 8,286,769 states left on queue.
Progress(73) at 2025-07-07 21:46:53: 417,317,893 states generated (2,628,705 s/min), 123,116,563 distinct states found (735,228 ds/min), 8,275,194 states left on queue.
Progress(73) at 2025-07-07 21:47:53: 419,857,335 states generated (2,539,442 s/min), 123,823,960 distinct states found (707,397 ds/min), 8,277,645 states left on queue.
Progress(73) at 2025-07-07 21:48:53: 422,415,546 states generated (2,558,211 s/min), 124,517,675 distinct states found (693,715 ds/min), 8,266,787 states left on queue.
Progress(73) at 2025-07-07 21:49:53: 424,942,858 states generated (2,527,312 s/min), 125,215,828 distinct states found (698,153 ds/min), 8,247,408 states left on queue.
Progress(73) at 2025-07-07 21:50:53: 427,464,840 states generated (2,521,982 s/min), 125,886,109 distinct states found (670,281 ds/min), 8,194,762 states left on queue.
Progress(73) at 2025-07-07 21:51:53: 430,276,988 states generated (2,812,148 s/min), 126,618,173 distinct states found (732,064 ds/min), 8,147,744 states left on queue.
Progress(74) at 2025-07-07 21:52:53: 433,019,952 states generated (2,742,964 s/min), 127,417,336 distinct states found (799,163 ds/min), 8,195,676 states left on queue.
Progress(74) at 2025-07-07 21:53:53: 435,469,831 states generated (2,449,879 s/min), 128,155,311 distinct states found (737,975 ds/min), 8,257,775 states left on queue.
Progress(74) at 2025-07-07 21:54:53: 438,067,530 states generated (2,597,699 s/min), 128,920,980 distinct states found (765,669 ds/min), 8,311,734 states left on queue.
Progress(74) at 2025-07-07 21:55:53: 440,660,503 states generated (2,592,973 s/min), 129,669,794 distinct states found (748,814 ds/min), 8,340,777 states left on queue.
Progress(74) at 2025-07-07 21:56:53: 443,333,452 states generated (2,672,949 s/min), 130,372,398 distinct states found (702,604 ds/min), 8,283,825 states left on queue.
Progress(74) at 2025-07-07 21:57:53: 446,049,941 states generated (2,716,489 s/min), 131,160,049 distinct states found (787,651 ds/min), 8,296,034 states left on queue.
Progress(74) at 2025-07-07 21:58:53: 448,576,906 states generated (2,526,965 s/min), 131,884,623 distinct states found (724,574 ds/min), 8,310,182 states left on queue.
Progress(74) at 2025-07-07 21:59:53: 451,183,104 states generated (2,606,198 s/min), 132,589,994 distinct states found (705,371 ds/min), 8,293,053 states left on queue.
Progress(74) at 2025-07-07 22:00:53: 453,676,415 states generated (2,493,311 s/min), 133,301,768 distinct states found (711,774 ds/min), 8,295,374 states left on queue.
Progress(74) at 2025-07-07 22:02:04: 456,098,337 states generated (2,421,922 s/min), 133,981,000 distinct states found (679,232 ds/min), 8,272,444 states left on queue.
Progress(74) at 2025-07-07 22:03:04: 458,733,051 states generated (2,634,714 s/min), 134,679,909 distinct states found (698,909 ds/min), 8,207,672 states left on queue.
Progress(75) at 2025-07-07 22:04:04: 461,465,729 states generated (2,732,678 s/min), 135,431,332 distinct states found (751,423 ds/min), 8,217,683 states left on queue.
Progress(75) at 2025-07-07 22:05:04: 463,901,132 states generated (2,435,403 s/min), 136,137,281 distinct states found (705,949 ds/min), 8,279,358 states left on queue.
Progress(75) at 2025-07-07 22:06:04: 466,290,873 states generated (2,389,741 s/min), 136,816,979 distinct states found (679,698 ds/min), 8,324,982 states left on queue.
Progress(75) at 2025-07-07 22:07:04: 468,751,818 states generated (2,460,945 s/min), 137,527,471 distinct states found (710,492 ds/min), 8,381,890 states left on queue.
Progress(75) at 2025-07-07 22:08:04: 471,249,821 states generated (2,498,003 s/min), 138,208,476 distinct states found (681,005 ds/min), 8,399,122 states left on queue.
Progress(75) at 2025-07-07 22:09:04: 474,107,758 states generated (2,857,937 s/min), 138,997,667 distinct states found (789,191 ds/min), 8,375,793 states left on queue.
Progress(75) at 2025-07-07 22:10:04: 476,830,487 states generated (2,722,729 s/min), 139,800,389 distinct states found (802,722 ds/min), 8,435,622 states left on queue.
Progress(75) at 2025-07-07 22:11:05: 479,522,506 states generated (2,692,019 s/min), 140,589,855 distinct states found (789,466 ds/min), 8,486,948 states left on queue.
Progress(75) at 2025-07-07 22:12:05: 482,157,709 states generated (2,635,203 s/min), 141,345,309 distinct states found (755,454 ds/min), 8,516,553 states left on queue.
Progress(75) at 2025-07-07 22:13:05: 484,690,174 states generated (2,532,465 s/min), 142,091,298 distinct states found (745,989 ds/min), 8,561,459 states left on queue.
Progress(75) at 2025-07-07 22:14:05: 487,256,963 states generated (2,566,789 s/min), 142,817,720 distinct states found (726,422 ds/min), 8,569,259 states left on queue.
Progress(76) at 2025-07-07 22:15:05: 490,030,345 states generated (2,773,382 s/min), 143,573,044 distinct states found (755,324 ds/min), 8,518,042 states left on queue.
Progress(76) at 2025-07-07 22:16:05: 492,721,438 states generated (2,691,093 s/min), 144,294,572 distinct states found (721,528 ds/min), 8,528,487 states left on queue.
Progress(76) at 2025-07-07 22:17:05: 495,162,251 states generated (2,440,813 s/min), 144,970,318 distinct states found (675,746 ds/min), 8,543,606 states left on queue.
Progress(76) at 2025-07-07 22:18:05: 497,650,225 states generated (2,487,974 s/min), 145,633,678 distinct states found (663,360 ds/min), 8,539,366 states left on queue.
Progress(76) at 2025-07-07 22:19:05: 500,133,974 states generated (2,483,749 s/min), 146,303,162 distinct states found (669,484 ds/min), 8,540,454 states left on queue.
Progress(76) at 2025-07-07 22:20:05: 502,769,141 states generated (2,635,167 s/min), 146,991,561 distinct states found (688,399 ds/min), 8,508,144 states left on queue.
Progress(76) at 2025-07-07 22:21:05: 505,555,683 states generated (2,786,542 s/min), 147,770,146 distinct states found (778,585 ds/min), 8,537,287 states left on queue.
Progress(76) at 2025-07-07 22:22:05: 508,063,771 states generated (2,508,088 s/min), 148,496,915 distinct states found (726,769 ds/min), 8,603,197 states left on queue.
Progress(76) at 2025-07-07 22:23:05: 510,516,143 states generated (2,452,372 s/min), 149,202,606 distinct states found (705,691 ds/min), 8,660,682 states left on queue.
Progress(76) at 2025-07-07 22:24:05: 513,040,462 states generated (2,524,319 s/min), 149,918,589 distinct states found (715,983 ds/min), 8,700,683 states left on queue.
Progress(76) at 2025-07-07 22:25:05: 515,565,053 states generated (2,524,591 s/min), 150,637,781 distinct states found (719,192 ds/min), 8,752,735 states left on queue.
Progress(76) at 2025-07-07 22:26:05: 518,174,458 states generated (2,609,405 s/min), 151,377,640 distinct states found (739,859 ds/min), 8,786,045 states left on queue.
Progress(76) at 2025-07-07 22:27:05: 520,983,182 states generated (2,808,724 s/min), 152,148,148 distinct states found (770,508 ds/min), 8,781,603 states left on queue.
Progress(77) at 2025-07-07 22:28:05: 523,781,839 states generated (2,798,657 s/min), 152,893,940 distinct states found (745,792 ds/min), 8,748,029 states left on queue.
Progress(77) at 2025-07-07 22:29:05: 526,261,497 states generated (2,479,658 s/min), 153,575,715 distinct states found (681,775 ds/min), 8,739,058 states left on queue.
Progress(77) at 2025-07-07 22:30:05: 528,779,819 states generated (2,518,322 s/min), 154,238,297 distinct states found (662,582 ds/min), 8,700,187 states left on queue.
Progress(77) at 2025-07-07 22:31:05: 531,258,412 states generated (2,478,593 s/min), 154,903,926 distinct states found (665,629 ds/min), 8,677,787 states left on queue.
Progress(77) at 2025-07-07 22:32:05: 533,873,656 states generated (2,615,244 s/min), 155,572,969 distinct states found (669,043 ds/min), 8,619,672 states left on queue.
Progress(77) at 2025-07-07 22:33:05: 536,681,540 states generated (2,807,884 s/min), 156,315,908 distinct states found (742,939 ds/min), 8,619,552 states left on queue.
Progress(77) at 2025-07-07 22:34:05: 539,227,780 states generated (2,546,240 s/min), 157,018,358 distinct states found (702,450 ds/min), 8,643,121 states left on queue.
Progress(77) at 2025-07-07 22:35:05: 541,709,909 states generated (2,482,129 s/min), 157,699,476 distinct states found (681,118 ds/min), 8,657,336 states left on queue.
Progress(77) at 2025-07-07 22:36:05: 544,263,977 states generated (2,554,068 s/min), 158,406,655 distinct states found (707,179 ds/min), 8,695,555 states left on queue.
Progress(77) at 2025-07-07 22:37:05: 546,759,928 states generated (2,495,951 s/min), 159,085,361 distinct states found (678,706 ds/min), 8,707,308 states left on queue.
Progress(77) at 2025-07-07 22:38:05: 549,230,331 states generated (2,470,403 s/min), 159,754,836 distinct states found (669,475 ds/min), 8,709,620 states left on queue.
Progress(77) at 2025-07-07 22:39:05: 551,847,864 states generated (2,617,533 s/min), 160,429,698 distinct states found (674,862 ds/min), 8,675,130 states left on queue.
Progress(78) at 2025-07-07 22:40:05: 554,754,162 states generated (2,906,298 s/min), 161,224,961 distinct states found (795,263 ds/min), 8,677,880 states left on queue.
Progress(78) at 2025-07-07 22:41:05: 557,358,702 states generated (2,604,540 s/min), 161,963,002 distinct states found (738,041 ds/min), 8,685,700 states left on queue.
Progress(78) at 2025-07-07 22:42:05: 559,880,910 states generated (2,522,208 s/min), 162,667,249 distinct states found (704,247 ds/min), 8,684,847 states left on queue.
Progress(78) at 2025-07-07 22:43:05: 562,370,239 states generated (2,489,329 s/min), 163,371,297 distinct states found (704,048 ds/min), 8,693,672 states left on queue.
Progress(78) at 2025-07-07 22:44:05: 564,874,573 states generated (2,504,334 s/min), 164,032,672 distinct states found (661,375 ds/min), 8,655,980 states left on queue.
Progress(78) at 2025-07-07 22:45:05: 567,655,503 states generated (2,780,930 s/min), 164,755,487 distinct states found (722,815 ds/min), 8,619,472 states left on queue.
Progress(78) at 2025-07-07 22:46:05: 570,245,772 states generated (2,590,269 s/min), 165,449,996 distinct states found (694,509 ds/min), 8,594,664 states left on queue.
Progress(78) at 2025-07-07 22:47:05: 572,773,676 states generated (2,527,904 s/min), 166,137,575 distinct states found (687,579 ds/min), 8,592,915 states left on queue.
Progress(78) at 2025-07-07 22:48:05: 575,300,648 states generated (2,526,972 s/min), 166,814,736 distinct states found (677,161 ds/min), 8,593,675 states left on queue.
Progress(78) at 2025-07-07 22:49:05: 577,878,651 states generated (2,578,003 s/min), 167,489,431 distinct states found (674,695 ds/min), 8,566,198 states left on queue.
Progress(78) at 2025-07-07 22:50:05: 580,349,693 states generated (2,471,042 s/min), 168,150,139 distinct states found (660,708 ds/min), 8,536,121 states left on queue.
Progress(78) at 2025-07-07 22:51:05: 582,881,628 states generated (2,531,935 s/min), 168,788,833 distinct states found (638,694 ds/min), 8,472,115 states left on queue.
Progress(79) at 2025-07-07 22:52:05: 585,635,531 states generated (2,753,903 s/min), 169,521,606 distinct states found (732,773 ds/min), 8,450,538 states left on queue.
Progress(79) at 2025-07-07 22:53:05: 588,250,974 states generated (2,615,443 s/min), 170,277,469 distinct states found (755,863 ds/min), 8,500,380 states left on queue.
Progress(79) at 2025-07-07 22:54:05: 590,681,261 states generated (2,430,287 s/min), 170,985,966 distinct states found (708,497 ds/min), 8,543,310 states left on queue.
Progress(79) at 2025-07-07 22:55:05: 593,132,671 states generated (2,451,410 s/min), 171,696,102 distinct states found (710,136 ds/min), 8,585,968 states left on queue.
Progress(79) at 2025-07-07 22:56:05: 595,673,672 states generated (2,541,001 s/min), 172,411,841 distinct states found (715,739 ds/min), 8,612,989 states left on queue.
Progress(79) at 2025-07-07 22:57:05: 598,579,158 states generated (2,905,486 s/min), 173,173,770 distinct states found (761,929 ds/min), 8,565,699 states left on queue.
Progress(79) at 2025-07-07 22:58:05: 601,440,488 states generated (2,861,330 s/min), 173,971,617 distinct states found (797,847 ds/min), 8,571,810 states left on queue.
Progress(79) at 2025-07-07 22:59:05: 604,131,702 states generated (2,691,214 s/min), 174,724,077 distinct states found (752,460 ds/min), 8,580,360 states left on queue.
Progress(79) at 2025-07-07 23:00:05: 606,853,519 states generated (2,721,817 s/min), 175,453,414 distinct states found (729,337 ds/min), 8,559,456 states left on queue.
Progress(79) at 2025-07-07 23:01:06: 609,537,368 states generated (2,683,849 s/min), 176,188,260 distinct states found (734,846 ds/min), 8,552,118 states left on queue.
Progress(79) at 2025-07-07 23:02:15: 612,002,080 states generated (2,464,712 s/min), 176,866,764 distinct states found (678,504 ds/min), 8,536,084 states left on queue.
Progress(79) at 2025-07-07 23:03:15: 614,621,377 states generated (2,619,297 s/min), 177,544,198 distinct states found (677,434 ds/min), 8,478,361 states left on queue.
Progress(80) at 2025-07-07 23:04:15: 617,298,921 states generated (2,677,544 s/min), 178,254,332 distinct states found (710,134 ds/min), 8,469,924 states left on queue.
Progress(80) at 2025-07-07 23:05:15: 619,717,814 states generated (2,418,893 s/min), 178,945,078 distinct states found (690,746 ds/min), 8,505,147 states left on queue.
Progress(80) at 2025-07-07 23:06:15: 622,084,442 states generated (2,366,628 s/min), 179,605,855 distinct states found (660,777 ds/min), 8,532,416 states left on queue.
Progress(80) at 2025-07-07 23:07:15: 624,484,622 states generated (2,400,180 s/min), 180,282,633 distinct states found (676,778 ds/min), 8,565,766 states left on queue.
Progress(80) at 2025-07-07 23:08:15: 626,885,190 states generated (2,400,568 s/min), 180,939,726 distinct states found (657,093 ds/min), 8,581,434 states left on queue.
Progress(80) at 2025-07-07 23:09:15: 629,523,629 states generated (2,638,439 s/min), 181,628,252 distinct states found (688,526 ds/min), 8,544,892 states left on queue.
Progress(80) at 2025-07-07 23:10:15: 632,165,312 states generated (2,641,683 s/min), 182,386,939 distinct states found (758,687 ds/min), 8,588,915 states left on queue.
Progress(80) at 2025-07-07 23:11:15: 634,635,356 states generated (2,470,044 s/min), 183,103,197 distinct states found (716,258 ds/min), 8,632,119 states left on queue.
Progress(80) at 2025-07-07 23:12:15: 637,058,362 states generated (2,423,006 s/min), 183,798,213 distinct states found (695,016 ds/min), 8,660,116 states left on queue.
Progress(80) at 2025-07-07 23:13:15: 639,559,965 states generated (2,501,603 s/min), 184,497,292 distinct states found (699,079 ds/min), 8,675,462 states left on queue.
Progress(80) at 2025-07-07 23:14:15: 641,981,536 states generated (2,421,571 s/min), 185,188,567 distinct states found (691,275 ds/min), 8,707,305 states left on queue.
Progress(80) at 2025-07-07 23:15:15: 644,485,329 states generated (2,503,793 s/min), 185,890,336 distinct states found (701,769 ds/min), 8,717,295 states left on queue.
Progress(81) at 2025-07-07 23:16:15: 647,195,449 states generated (2,710,120 s/min), 186,606,734 distinct states found (716,398 ds/min), 8,669,765 states left on queue.
Progress(81) at 2025-07-07 23:17:15: 649,919,193 states generated (2,723,744 s/min), 187,322,841 distinct states found (716,107 ds/min), 8,648,119 states left on queue.
Progress(81) at 2025-07-07 23:18:15: 652,358,012 states generated (2,438,819 s/min), 187,982,381 distinct states found (659,540 ds/min), 8,635,925 states left on queue.
Progress(81) at 2025-07-07 23:19:15: 654,831,800 states generated (2,473,788 s/min), 188,626,693 distinct states found (644,312 ds/min), 8,599,838 states left on queue.
Progress(81) at 2025-07-07 23:20:15: 657,216,007 states generated (2,384,207 s/min), 189,266,214 distinct states found (639,521 ds/min), 8,583,060 states left on queue.
Progress(81) at 2025-07-07 23:21:15: 659,777,752 states generated (2,561,745 s/min), 189,918,645 distinct states found (652,431 ds/min), 8,530,235 states left on queue.
Progress(81) at 2025-07-07 23:22:15: 662,540,211 states generated (2,762,459 s/min), 190,673,266 distinct states found (754,621 ds/min), 8,541,450 states left on queue.
Progress(81) at 2025-07-07 23:23:15: 664,999,755 states generated (2,459,544 s/min), 191,370,312 distinct states found (697,046 ds/min), 8,584,558 states left on queue.
Progress(81) at 2025-07-07 23:24:15: 667,463,788 states generated (2,464,033 s/min), 192,070,317 distinct states found (700,005 ds/min), 8,619,472 states left on queue.
Progress(81) at 2025-07-07 23:25:15: 669,940,892 states generated (2,477,104 s/min), 192,777,899 distinct states found (707,582 ds/min), 8,659,075 states left on queue.
Progress(81) at 2025-07-07 23:26:15: 672,467,350 states generated (2,526,458 s/min), 193,478,160 distinct states found (700,261 ds/min), 8,683,771 states left on queue.
Progress(81) at 2025-07-07 23:27:15: 674,856,839 states generated (2,389,489 s/min), 194,145,289 distinct states found (667,129 ds/min), 8,704,478 states left on queue.
Progress(81) at 2025-07-07 23:28:15: 677,393,356 states generated (2,536,517 s/min), 194,825,547 distinct states found (680,258 ds/min), 8,696,904 states left on queue.
Progress(82) at 2025-07-07 23:29:16: 680,369,457 states generated (2,976,101 s/min), 195,600,916 distinct states found (775,369 ds/min), 8,631,389 states left on queue.
Progress(82) at 2025-07-07 23:30:16: 683,040,796 states generated (2,671,339 s/min), 196,307,216 distinct states found (706,300 ds/min), 8,571,259 states left on queue.
Progress(82) at 2025-07-07 23:31:16: 685,644,535 states generated (2,603,739 s/min), 196,983,541 distinct states found (676,325 ds/min), 8,499,734 states left on queue.
Progress(82) at 2025-07-07 23:32:16: 688,279,679 states generated (2,635,144 s/min), 197,678,172 distinct states found (694,631 ds/min), 8,436,615 states left on queue.
Progress(82) at 2025-07-07 23:33:16: 691,056,705 states generated (2,777,026 s/min), 198,373,501 distinct states found (695,329 ds/min), 8,348,797 states left on queue.
Progress(82) at 2025-07-07 23:34:16: 693,963,965 states generated (2,907,260 s/min), 199,138,611 distinct states found (765,110 ds/min), 8,316,874 states left on queue.
Progress(82) at 2025-07-07 23:35:16: 696,571,290 states generated (2,607,325 s/min), 199,843,955 distinct states found (705,344 ds/min), 8,311,107 states left on queue.
Progress(82) at 2025-07-07 23:36:16: 699,037,503 states generated (2,466,213 s/min), 200,503,381 distinct states found (659,426 ds/min), 8,301,400 states left on queue.
Progress(82) at 2025-07-07 23:37:16: 701,553,971 states generated (2,516,468 s/min), 201,193,785 distinct states found (690,404 ds/min), 8,316,947 states left on queue.
Progress(82) at 2025-07-07 23:38:16: 703,739,805 states generated (2,185,834 s/min), 201,778,243 distinct states found (584,458 ds/min), 8,302,494 states left on queue.
Progress(82) at 2025-07-07 23:39:16: 706,202,649 states generated (2,462,844 s/min), 202,429,198 distinct states found (650,955 ds/min), 8,270,394 states left on queue.
Progress(82) at 2025-07-07 23:40:16: 708,850,314 states generated (2,647,665 s/min), 203,105,820 distinct states found (676,622 ds/min), 8,216,495 states left on queue.
Progress(83) at 2025-07-07 23:41:16: 711,743,755 states generated (2,893,441 s/min), 203,874,435 distinct states found (768,615 ds/min), 8,162,885 states left on queue.
Progress(83) at 2025-07-07 23:42:16: 714,262,498 states generated (2,518,743 s/min), 204,571,402 distinct states found (696,967 ds/min), 8,128,672 states left on queue.
Progress(83) at 2025-07-07 23:43:16: 716,697,764 states generated (2,435,266 s/min), 205,229,550 distinct states found (658,148 ds/min), 8,068,423 states left on queue.
Progress(83) at 2025-07-07 23:44:16: 719,147,309 states generated (2,449,545 s/min), 205,883,740 distinct states found (654,190 ds/min), 8,000,445 states left on queue.
Progress(83) at 2025-07-07 23:45:16: 721,899,367 states generated (2,752,058 s/min), 206,584,338 distinct states found (700,598 ds/min), 7,905,530 states left on queue.
Progress(83) at 2025-07-07 23:46:16: 724,502,737 states generated (2,603,370 s/min), 207,260,699 distinct states found (676,361 ds/min), 7,841,998 states left on queue.
Progress(83) at 2025-07-07 23:47:16: 727,043,433 states generated (2,540,696 s/min), 207,928,952 distinct states found (668,253 ds/min), 7,794,343 states left on queue.
Progress(83) at 2025-07-07 23:48:16: 729,544,783 states generated (2,501,350 s/min), 208,587,759 distinct states found (658,807 ds/min), 7,756,881 states left on queue.
Progress(83) at 2025-07-07 23:49:16: 732,177,492 states generated (2,632,709 s/min), 209,266,994 distinct states found (679,235 ds/min), 7,698,143 states left on queue.
Progress(83) at 2025-07-07 23:50:16: 734,760,825 states generated (2,583,333 s/min), 209,939,260 distinct states found (672,266 ds/min), 7,621,242 states left on queue.
Progress(83) at 2025-07-07 23:51:16: 737,494,867 states generated (2,734,042 s/min), 210,618,137 distinct states found (678,877 ds/min), 7,510,009 states left on queue.
Progress(84) at 2025-07-07 23:52:16: 740,412,299 states generated (2,917,432 s/min), 211,405,112 distinct states found (786,975 ds/min), 7,486,818 states left on queue.
Progress(84) at 2025-07-07 23:53:16: 742,975,320 states generated (2,563,021 s/min), 212,134,678 distinct states found (729,566 ds/min), 7,503,291 states left on queue.
Progress(84) at 2025-07-07 23:54:16: 745,553,916 states generated (2,578,596 s/min), 212,859,520 distinct states found (724,842 ds/min), 7,503,915 states left on queue.
Progress(84) at 2025-07-07 23:55:16: 748,209,338 states generated (2,655,422 s/min), 213,577,814 distinct states found (718,294 ds/min), 7,447,341 states left on queue.
Progress(84) at 2025-07-07 23:56:16: 751,205,351 states generated (2,996,013 s/min), 214,359,780 distinct states found (781,966 ds/min), 7,363,147 states left on queue.
Progress(84) at 2025-07-07 23:57:16: 753,826,851 states generated (2,621,500 s/min), 215,068,616 distinct states found (708,836 ds/min), 7,315,793 states left on queue.
Progress(84) at 2025-07-07 23:58:16: 756,321,409 states generated (2,494,558 s/min), 215,738,052 distinct states found (669,436 ds/min), 7,264,688 states left on queue.
Progress(84) at 2025-07-07 23:59:16: 758,862,965 states generated (2,541,556 s/min), 216,410,676 distinct states found (672,624 ds/min), 7,203,913 states left on queue.
Progress(84) at 2025-07-08 00:00:16: 761,302,357 states generated (2,439,392 s/min), 217,063,628 distinct states found (652,952 ds/min), 7,135,053 states left on queue.
Progress(84) at 2025-07-08 00:01:16: 763,956,938 states generated (2,654,581 s/min), 217,724,577 distinct states found (660,949 ds/min), 7,001,610 states left on queue.
Progress(85) at 2025-07-08 00:02:31: 766,676,697 states generated (2,719,759 s/min), 218,454,107 distinct states found (729,530 ds/min), 6,995,992 states left on queue.
Progress(85) at 2025-07-08 00:03:31: 769,108,882 states generated (2,432,185 s/min), 219,121,716 distinct states found (667,609 ds/min), 7,015,544 states left on queue.
Progress(85) at 2025-07-08 00:04:31: 771,500,149 states generated (2,391,267 s/min), 219,770,580 distinct states found (648,864 ds/min), 7,018,915 states left on queue.
Progress(85) at 2025-07-08 00:05:31: 773,868,098 states generated (2,367,949 s/min), 220,407,713 distinct states found (637,133 ds/min), 7,015,159 states left on queue.
Progress(85) at 2025-07-08 00:06:31: 776,613,454 states generated (2,745,356 s/min), 221,136,982 distinct states found (729,269 ds/min), 6,954,001 states left on queue.
Progress(85) at 2025-07-08 00:07:31: 779,171,470 states generated (2,558,016 s/min), 221,859,110 distinct states found (722,128 ds/min), 6,957,860 states left on queue.
Progress(85) at 2025-07-08 00:08:31: 781,791,879 states generated (2,620,409 s/min), 222,593,478 distinct states found (734,368 ds/min), 6,955,418 states left on queue.
Progress(85) at 2025-07-08 00:09:31: 784,499,849 states generated (2,707,970 s/min), 223,334,934 distinct states found (741,456 ds/min), 6,921,181 states left on queue.
Progress(85) at 2025-07-08 00:10:31: 787,151,351 states generated (2,651,502 s/min), 224,072,280 distinct states found (737,346 ds/min), 6,893,226 states left on queue.
Progress(86) at 2025-07-08 00:11:31: 790,069,247 states generated (2,917,896 s/min), 224,822,619 distinct states found (750,339 ds/min), 6,786,987 states left on queue.
Progress(86) at 2025-07-08 00:12:31: 792,801,720 states generated (2,732,473 s/min), 225,517,439 distinct states found (694,820 ds/min), 6,746,122 states left on queue.
Progress(86) at 2025-07-08 00:13:31: 795,398,495 states generated (2,596,775 s/min), 226,182,435 distinct states found (664,996 ds/min), 6,716,392 states left on queue.
Progress(86) at 2025-07-08 00:14:31: 797,921,754 states generated (2,523,259 s/min), 226,826,096 distinct states found (643,661 ds/min), 6,680,973 states left on queue.
Progress(86) at 2025-07-08 00:15:31: 800,622,320 states generated (2,700,566 s/min), 227,525,322 distinct states found (699,226 ds/min), 6,612,210 states left on queue.
Progress(86) at 2025-07-08 00:16:31: 803,289,675 states generated (2,667,355 s/min), 228,243,775 distinct states found (718,453 ds/min), 6,627,151 states left on queue.
Progress(86) at 2025-07-08 00:17:31: 805,816,708 states generated (2,527,033 s/min), 228,942,674 distinct states found (698,899 ds/min), 6,648,054 states left on queue.
Progress(86) at 2025-07-08 00:18:31: 808,292,569 states generated (2,475,861 s/min), 229,632,395 distinct states found (689,721 ds/min), 6,653,385 states left on queue.
Progress(86) at 2025-07-08 00:19:31: 810,768,581 states generated (2,476,012 s/min), 230,304,513 distinct states found (672,118 ds/min), 6,656,899 states left on queue.
Progress(86) at 2025-07-08 00:20:31: 813,180,674 states generated (2,412,093 s/min), 230,951,359 distinct states found (646,846 ds/min), 6,626,317 states left on queue.
Progress(87) at 2025-07-08 00:21:31: 815,972,793 states generated (2,792,119 s/min), 231,654,780 distinct states found (703,421 ds/min), 6,534,384 states left on queue.
Progress(87) at 2025-07-08 00:22:31: 818,500,247 states generated (2,527,454 s/min), 232,291,336 distinct states found (636,556 ds/min), 6,469,055 states left on queue.
Progress(87) at 2025-07-08 00:23:31: 820,988,035 states generated (2,487,788 s/min), 232,908,508 distinct states found (617,172 ds/min), 6,394,323 states left on queue.
Progress(87) at 2025-07-08 00:24:32: 823,473,909 states generated (2,485,874 s/min), 233,517,085 distinct states found (608,577 ds/min), 6,306,211 states left on queue.
Progress(87) at 2025-07-08 00:25:32: 826,255,423 states generated (2,781,514 s/min), 234,228,784 distinct states found (711,699 ds/min), 6,259,085 states left on queue.
Progress(87) at 2025-07-08 00:26:32: 828,754,618 states generated (2,499,195 s/min), 234,876,896 distinct states found (648,112 ds/min), 6,243,624 states left on queue.
Progress(87) at 2025-07-08 00:27:32: 831,259,678 states generated (2,505,060 s/min), 235,531,468 distinct states found (654,572 ds/min), 6,226,933 states left on queue.
Progress(87) at 2025-07-08 00:28:32: 833,887,965 states generated (2,628,287 s/min), 236,222,499 distinct states found (691,031 ds/min), 6,209,333 states left on queue.
Progress(87) at 2025-07-08 00:29:32: 836,520,710 states generated (2,632,745 s/min), 236,897,935 distinct states found (675,436 ds/min), 6,164,775 states left on queue.
Progress(88) at 2025-07-08 00:30:32: 839,422,723 states generated (2,902,013 s/min), 237,641,908 distinct states found (743,973 ds/min), 6,085,723 states left on queue.
Progress(88) at 2025-07-08 00:31:32: 842,212,723 states generated (2,790,000 s/min), 238,373,436 distinct states found (731,528 ds/min), 6,040,073 states left on queue.
Progress(88) at 2025-07-08 00:32:32: 844,860,198 states generated (2,647,475 s/min), 239,061,015 distinct states found (687,579 ds/min), 5,985,988 states left on queue.
Progress(88) at 2025-07-08 00:33:32: 847,665,246 states generated (2,805,048 s/min), 239,768,142 distinct states found (707,127 ds/min), 5,898,173 states left on queue.
Progress(88) at 2025-07-08 00:34:32: 850,364,889 states generated (2,699,643 s/min), 240,433,412 distinct states found (665,270 ds/min), 5,823,226 states left on queue.
Progress(88) at 2025-07-08 00:35:32: 852,984,075 states generated (2,619,186 s/min), 241,091,524 distinct states found (658,112 ds/min), 5,760,157 states left on queue.
Progress(88) at 2025-07-08 00:36:32: 855,559,311 states generated (2,575,236 s/min), 241,741,682 distinct states found (650,158 ds/min), 5,709,665 states left on queue.
Progress(88) at 2025-07-08 00:37:32: 858,035,747 states generated (2,476,436 s/min), 242,360,409 distinct states found (618,727 ds/min), 5,634,190 states left on queue.
Progress(89) at 2025-07-08 00:38:32: 860,707,907 states generated (2,672,160 s/min), 243,035,296 distinct states found (674,887 ds/min), 5,557,655 states left on queue.
Progress(89) at 2025-07-08 00:39:32: 863,370,890 states generated (2,662,983 s/min), 243,754,824 distinct states found (719,528 ds/min), 5,553,002 states left on queue.
Progress(89) at 2025-07-08 00:40:32: 865,797,646 states generated (2,426,756 s/min), 244,415,158 distinct states found (660,334 ds/min), 5,551,160 states left on queue.
Progress(89) at 2025-07-08 00:41:32: 868,305,009 states generated (2,507,363 s/min), 245,069,667 distinct states found (654,509 ds/min), 5,504,156 states left on queue.
Progress(89) at 2025-07-08 00:42:32: 870,968,346 states generated (2,663,337 s/min), 245,763,438 distinct states found (693,771 ds/min), 5,456,471 states left on queue.
Progress(89) at 2025-07-08 00:43:32: 873,503,729 states generated (2,535,383 s/min), 246,418,957 distinct states found (655,519 ds/min), 5,405,856 states left on queue.
Progress(89) at 2025-07-08 00:44:32: 876,121,506 states generated (2,617,777 s/min), 247,074,803 distinct states found (655,846 ds/min), 5,330,279 states left on queue.
Progress(89) at 2025-07-08 00:45:32: 878,718,789 states generated (2,597,283 s/min), 247,750,505 distinct states found (675,702 ds/min), 5,270,767 states left on queue.
Progress(90) at 2025-07-08 00:46:32: 881,640,840 states generated (2,922,051 s/min), 248,494,173 distinct states found (743,668 ds/min), 5,204,306 states left on queue.
Progress(90) at 2025-07-08 00:47:32: 884,365,577 states generated (2,724,737 s/min), 249,218,988 distinct states found (724,815 ds/min), 5,200,896 states left on queue.
Progress(90) at 2025-07-08 00:48:32: 886,968,381 states generated (2,602,804 s/min), 249,901,884 distinct states found (682,896 ds/min), 5,187,505 states left on queue.
Progress(90) at 2025-07-08 00:49:32: 889,841,629 states generated (2,873,248 s/min), 250,656,591 distinct states found (754,707 ds/min), 5,145,477 states left on queue.
Progress(90) at 2025-07-08 00:50:32: 892,446,257 states generated (2,604,628 s/min), 251,360,634 distinct states found (704,043 ds/min), 5,141,598 states left on queue.
Progress(90) at 2025-07-08 00:51:32: 894,987,979 states generated (2,541,722 s/min), 252,036,340 distinct states found (675,706 ds/min), 5,111,835 states left on queue.
Progress(90) at 2025-07-08 00:52:32: 897,554,112 states generated (2,566,133 s/min), 252,730,983 distinct states found (694,643 ds/min), 5,096,421 states left on queue.
Progress(91) at 2025-07-08 00:53:32: 900,295,215 states generated (2,741,103 s/min), 253,426,623 distinct states found (695,640 ds/min), 5,016,865 states left on queue.
Progress(91) at 2025-07-08 00:54:32: 902,863,452 states generated (2,568,237 s/min), 254,066,480 distinct states found (639,857 ds/min), 4,955,890 states left on queue.
Progress(91) at 2025-07-08 00:55:32: 905,362,792 states generated (2,499,340 s/min), 254,688,367 distinct states found (621,887 ds/min), 4,892,628 states left on queue.
Progress(91) at 2025-07-08 00:56:32: 908,066,151 states generated (2,703,359 s/min), 255,377,383 distinct states found (689,016 ds/min), 4,834,182 states left on queue.
Progress(91) at 2025-07-08 00:57:32: 910,625,031 states generated (2,558,880 s/min), 256,053,956 distinct states found (676,573 ds/min), 4,830,675 states left on queue.
Progress(91) at 2025-07-08 00:58:32: 913,090,067 states generated (2,465,036 s/min), 256,715,801 distinct states found (661,845 ds/min), 4,827,885 states left on queue.
Progress(91) at 2025-07-08 00:59:32: 915,558,926 states generated (2,468,859 s/min), 257,370,896 distinct states found (655,095 ds/min), 4,816,344 states left on queue.
Progress(92) at 2025-07-08 01:00:32: 918,093,971 states generated (2,535,045 s/min), 258,025,079 distinct states found (654,183 ds/min), 4,749,347 states left on queue.
Progress(92) at 2025-07-08 01:01:32: 920,705,940 states generated (2,611,969 s/min), 258,658,083 distinct states found (633,004 ds/min), 4,631,031 states left on queue.
Progress(92) at 2025-07-08 01:02:43: 923,126,952 states generated (2,421,012 s/min), 259,245,098 distinct states found (587,015 ds/min), 4,518,196 states left on queue.
Progress(92) at 2025-07-08 01:03:43: 925,772,378 states generated (2,645,426 s/min), 259,894,982 distinct states found (649,884 ds/min), 4,421,508 states left on queue.
Progress(92) at 2025-07-08 01:04:43: 928,262,861 states generated (2,490,483 s/min), 260,518,502 distinct states found (623,520 ds/min), 4,368,947 states left on queue.
Progress(92) at 2025-07-08 01:05:43: 930,688,097 states generated (2,425,236 s/min), 261,143,134 distinct states found (624,632 ds/min), 4,339,131 states left on queue.
Progress(92) at 2025-07-08 01:06:43: 933,163,584 states generated (2,475,487 s/min), 261,761,356 distinct states found (618,222 ds/min), 4,272,631 states left on queue.
Progress(93) at 2025-07-08 01:07:43: 935,878,660 states generated (2,715,076 s/min), 262,439,241 distinct states found (677,885 ds/min), 4,150,557 states left on queue.
Progress(93) at 2025-07-08 01:08:43: 938,533,475 states generated (2,654,815 s/min), 263,103,211 distinct states found (663,970 ds/min), 4,009,213 states left on queue.
Progress(93) at 2025-07-08 01:09:43: 941,296,601 states generated (2,763,126 s/min), 263,772,673 distinct states found (669,462 ds/min), 3,854,184 states left on queue.
Progress(93) at 2025-07-08 01:10:43: 943,921,746 states generated (2,625,145 s/min), 264,412,984 distinct states found (640,311 ds/min), 3,744,152 states left on queue.
Progress(93) at 2025-07-08 01:11:43: 946,498,304 states generated (2,576,558 s/min), 265,043,980 distinct states found (630,996 ds/min), 3,649,514 states left on queue.
Progress(94) at 2025-07-08 01:12:43: 949,018,215 states generated (2,519,911 s/min), 265,656,232 distinct states found (612,252 ds/min), 3,515,763 states left on queue.
Progress(94) at 2025-07-08 01:13:43: 951,592,905 states generated (2,574,690 s/min), 266,328,558 distinct states found (672,326 ds/min), 3,416,107 states left on queue.
Progress(94) at 2025-07-08 01:14:43: 954,150,517 states generated (2,557,612 s/min), 266,978,640 distinct states found (650,082 ds/min), 3,273,039 states left on queue.
Progress(94) at 2025-07-08 01:15:43: 956,678,812 states generated (2,528,295 s/min), 267,607,437 distinct states found (628,797 ds/min), 3,147,620 states left on queue.
Progress(94) at 2025-07-08 01:16:43: 959,140,937 states generated (2,462,125 s/min), 268,208,558 distinct states found (601,121 ds/min), 3,015,485 states left on queue.
Progress(95) at 2025-07-08 01:17:43: 961,698,754 states generated (2,557,817 s/min), 268,849,626 distinct states found (641,068 ds/min), 2,878,554 states left on queue.
Progress(95) at 2025-07-08 01:18:43: 964,113,748 states generated (2,414,994 s/min), 269,479,298 distinct states found (629,672 ds/min), 2,818,958 states left on queue.
Progress(95) at 2025-07-08 01:19:43: 966,683,284 states generated (2,569,536 s/min), 270,147,514 distinct states found (668,216 ds/min), 2,693,791 states left on queue.
Progress(95) at 2025-07-08 01:20:43: 969,057,064 states generated (2,373,780 s/min), 270,755,340 distinct states found (607,826 ds/min), 2,583,739 states left on queue.
Progress(96) at 2025-07-08 01:21:43: 971,595,424 states generated (2,538,360 s/min), 271,392,675 distinct states found (637,335 ds/min), 2,450,705 states left on queue.
Progress(96) at 2025-07-08 01:22:43: 974,073,018 states generated (2,477,594 s/min), 272,014,194 distinct states found (621,519 ds/min), 2,356,747 states left on queue.
Progress(96) at 2025-07-08 01:23:43: 976,545,206 states generated (2,472,188 s/min), 272,657,610 distinct states found (643,416 ds/min), 2,294,539 states left on queue.
Progress(97) at 2025-07-08 01:24:43: 978,961,405 states generated (2,416,199 s/min), 273,290,145 distinct states found (632,535 ds/min), 2,183,165 states left on queue.
Progress(97) at 2025-07-08 01:25:43: 981,508,149 states generated (2,546,744 s/min), 273,887,182 distinct states found (597,037 ds/min), 2,058,801 states left on queue.
Progress(97) at 2025-07-08 01:26:43: 984,083,675 states generated (2,575,526 s/min), 274,531,032 distinct states found (643,850 ds/min), 1,969,395 states left on queue.
Progress(98) at 2025-07-08 01:27:43: 986,649,070 states generated (2,565,395 s/min), 275,184,835 distinct states found (653,803 ds/min), 1,865,141 states left on queue.
Progress(98) at 2025-07-08 01:28:43: 989,374,450 states generated (2,725,380 s/min), 275,855,054 distinct states found (670,219 ds/min), 1,734,001 states left on queue.
Progress(98) at 2025-07-08 01:29:43: 991,958,956 states generated (2,584,506 s/min), 276,470,104 distinct states found (615,050 ds/min), 1,618,399 states left on queue.
Progress(99) at 2025-07-08 01:30:43: 994,497,767 states generated (2,538,811 s/min), 277,113,487 distinct states found (643,383 ds/min), 1,508,538 states left on queue.
Progress(99) at 2025-07-08 01:31:43: 997,082,259 states generated (2,584,492 s/min), 277,744,950 distinct states found (631,463 ds/min), 1,382,166 states left on queue.
Progress(100) at 2025-07-08 01:32:44: 999,586,144 states generated (2,503,885 s/min), 278,384,425 distinct states found (639,475 ds/min), 1,284,067 states left on queue.
Progress(100) at 2025-07-08 01:33:44: 1,002,143,115 states generated (2,556,971 s/min), 279,033,750 distinct states found (649,325 ds/min), 1,182,806 states left on queue.
Progress(101) at 2025-07-08 01:34:44: 1,004,716,904 states generated (2,573,789 s/min), 279,682,461 distinct states found (648,711 ds/min), 1,066,678 states left on queue.
Progress(102) at 2025-07-08 01:35:44: 1,007,196,256 states generated (2,479,352 s/min), 280,306,702 distinct states found (624,241 ds/min), 958,640 states left on queue.
Progress(102) at 2025-07-08 01:36:44: 1,009,745,474 states generated (2,549,218 s/min), 280,919,826 distinct states found (613,124 ds/min), 822,420 states left on queue.
Progress(103) at 2025-07-08 01:37:44: 1,012,325,321 states generated (2,579,847 s/min), 281,522,889 distinct states found (603,063 ds/min), 601,983 states left on queue.
Progress(105) at 2025-07-08 01:38:44: 1,014,909,096 states generated (2,583,775 s/min), 282,155,272 distinct states found (632,383 ds/min), 232,159 states left on queue.
Progress(122) at 2025-07-08 01:39:17: 1,016,137,595 states generated, 282,851,595 distinct states found, 0 states left on queue.
Checking temporal properties for the complete state space with 282851595 total distinct states at (2025-07-08 01:39:17)
